INFO 2022-05-01 10:41:34,982 autoreload 597 Watching for file changes with StatReloader
INFO 2022-05-01 10:41:43,525 basehttp 154 "GET /myapp/users/ HTTP/1.1" 200 4496
WARNING 2022-05-01 10:41:43,557 log 222 Not Found: /favicon.ico
WARNING 2022-05-01 10:41:43,557 basehttp 154 "GET /favicon.ico HTTP/1.1" 404 2077
INFO 2022-05-01 10:41:49,557 basehttp 154 "GET /myapp/users/add/ HTTP/1.1" 200 5279
INFO 2022-05-01 10:42:16,060 views 52 沈卓瑶成功添加
INFO 2022-05-01 10:42:16,072 basehttp 154 "POST /myapp/users/insert/ HTTP/1.1" 200 2411
INFO 2022-05-01 10:43:49,511 autoreload 217 D:\pythonProject\LeetCode\Git\Web_Project\myweb\myapp\views.py changed, reloading.
INFO 2022-05-01 10:44:10,933 autoreload 597 Watching for file changes with StatReloader
INFO 2022-05-01 10:44:16,373 basehttp 154 "GET /myapp/users/add/ HTTP/1.1" 200 5279
INFO 2022-05-01 10:44:31,736 views 14 ****baby成功添加
INFO 2022-05-01 10:44:31,747 basehttp 154 "POST /myapp/users/insert/ HTTP/1.1" 200 2411
INFO 2022-05-01 10:45:34,528 autoreload 217 D:\pythonProject\LeetCode\Git\Web_Project\myweb\myapp\views.py changed, reloading.
INFO 2022-05-01 10:45:35,602 autoreload 597 Watching for file changes with StatReloader
INFO 2022-05-01 10:45:54,274 autoreload 217 D:\pythonProject\LeetCode\Git\Web_Project\myweb\myapp\views.py changed, reloading.
INFO 2022-05-01 10:45:55,289 autoreload 597 Watching for file changes with StatReloader
INFO 2022-05-01 10:46:15,169 autoreload 217 D:\pythonProject\LeetCode\Git\Web_Project\myweb\myapp\views.py changed, reloading.
INFO 2022-05-01 10:46:16,222 autoreload 597 Watching for file changes with StatReloader
INFO 2022-05-01 10:46:16,968 basehttp 154 "GET /myapp/users/add/ HTTP/1.1" 200 5279
INFO 2022-05-01 10:46:25,267 basehttp 154 "GET /myapp/users/add/ HTTP/1.1" 200 5279
INFO 2022-05-01 10:46:37,874 basehttp 154 "POST /myapp/users/insert/ HTTP/1.1" 200 2411
INFO 2022-05-01 10:46:43,701 basehttp 154 "GET /myapp/users/add/ HTTP/1.1" 200 5279
INFO 2022-05-01 10:46:53,042 views 14 ****Yuning Jia添加成功
INFO 2022-05-01 10:46:53,047 basehttp 154 "POST /myapp/users/insert/ HTTP/1.1" 200 2411
INFO 2022-05-01 11:03:27,149 autoreload 597 Watching for file changes with StatReloader
ERROR 2022-05-01 11:03:33,828 log 222 Internal Server Error: /myapp/users/add/
Traceback (most recent call last):
  File "D:\Anaconda3\envs\web\lib\site-packages\django\core\handlers\exception.py", line 34, in inner
    response = get_response(request)
  File "D:\Anaconda3\envs\web\lib\site-packages\django\core\handlers\base.py", line 115, in _get_response
    response = self.process_exception_by_middleware(e, request)
  File "D:\Anaconda3\envs\web\lib\site-packages\django\core\handlers\base.py", line 113, in _get_response
    response = wrapped_callback(request, *callback_args, **callback_kwargs)
  File "D:\pythonProject\LeetCode\Git\Web_Project\myweb\myapp\views.py", line 33, in addUsers
    return render(request,"add.html", context)
  File "D:\Anaconda3\envs\web\lib\site-packages\django\shortcuts.py", line 36, in render
    content = loader.render_to_string(template_name, context, request, using=using)
  File "D:\Anaconda3\envs\web\lib\site-packages\django\template\loader.py", line 62, in render_to_string
    return template.render(context, request)
  File "D:\Anaconda3\envs\web\lib\site-packages\django\template\backends\django.py", line 61, in render
    return self.template.render(context)
  File "D:\Anaconda3\envs\web\lib\site-packages\django\template\base.py", line 171, in render
    return self._render(context)
  File "D:\Anaconda3\envs\web\lib\site-packages\django\template\base.py", line 163, in _render
    return self.nodelist.render(context)
  File "D:\Anaconda3\envs\web\lib\site-packages\django\template\base.py", line 937, in render
    bit = node.render_annotated(context)
  File "D:\Anaconda3\envs\web\lib\site-packages\django\template\base.py", line 904, in render_annotated
    return self.render(context)
  File "D:\Anaconda3\envs\web\lib\site-packages\django\template\loader_tags.py", line 127, in render
    compiled_parent = self.get_parent(context)
  File "D:\Anaconda3\envs\web\lib\site-packages\django\template\loader_tags.py", line 124, in get_parent
    return self.find_template(parent, context)
  File "D:\Anaconda3\envs\web\lib\site-packages\django\template\loader_tags.py", line 103, in find_template
    template, origin = context.template.engine.find_template(
  File "D:\Anaconda3\envs\web\lib\site-packages\django\template\engine.py", line 125, in find_template
    template = loader.get_template(name, skip=skip)
  File "D:\Anaconda3\envs\web\lib\site-packages\django\template\loaders\base.py", line 29, in get_template
    return Template(
  File "D:\Anaconda3\envs\web\lib\site-packages\django\template\base.py", line 156, in __init__
    self.nodelist = self.compile_nodelist()
  File "D:\Anaconda3\envs\web\lib\site-packages\django\template\base.py", line 194, in compile_nodelist
    return parser.parse()
  File "D:\Anaconda3\envs\web\lib\site-packages\django\template\base.py", line 478, in parse
    raise self.error(token, e)
  File "D:\Anaconda3\envs\web\lib\site-packages\django\template\base.py", line 476, in parse
    compiled_result = compile_func(self, token)
  File "D:\Anaconda3\envs\web\lib\site-packages\django\templatetags\static.py", line 159, in do_static
    return StaticNode.handle_token(parser, token)
  File "D:\Anaconda3\envs\web\lib\site-packages\django\templatetags\static.py", line 133, in handle_token
    path = parser.compile_filter(bits[1])
  File "D:\Anaconda3\envs\web\lib\site-packages\django\template\base.py", line 563, in compile_filter
    return FilterExpression(token, self)
  File "D:\Anaconda3\envs\web\lib\site-packages\django\template\base.py", line 662, in __init__
    raise TemplateSyntaxError("Could not parse the remainder: '%s' "
django.template.exceptions.TemplateSyntaxError: Could not parse the remainder: ''plugins/bootstrap-3.4.1/js/bootstrap.min.js' from ''plugins/bootstrap-3.4.1/js/bootstrap.min.js'
ERROR 2022-05-01 11:03:33,831 basehttp 154 "GET /myapp/users/add/ HTTP/1.1" 500 172269
INFO 2022-05-01 11:04:59,336 basehttp 154 "GET /myapp/users/add/ HTTP/1.1" 200 5558
INFO 2022-05-01 11:04:59,355 basehttp 154 "GET /static/js/moment-with-locales.min.js HTTP/1.1" 200 307839
WARNING 2022-05-01 11:04:59,361 basehttp 154 "GET /static/js/tempusdominus-bootstrap-4.min.js HTTP/1.1" 404 1729
INFO 2022-05-01 11:07:35,163 basehttp 154 "GET /myapp/users/add/ HTTP/1.1" 200 6320
WARNING 2022-05-01 11:07:35,177 basehttp 154 "GET /static/js/tempusdominus-bootstrap-4.min.js HTTP/1.1" 404 1729
INFO 2022-05-01 11:08:01,831 basehttp 154 "GET /myapp/users/add/ HTTP/1.1" 200 6264
WARNING 2022-05-01 11:08:01,846 basehttp 154 "GET /static/js/tempusdominus-bootstrap-4.min.js HTTP/1.1" 404 1729
INFO 2022-05-01 11:09:03,018 basehttp 154 "GET /myapp/users/add/ HTTP/1.1" 200 7355
WARNING 2022-05-01 11:09:03,033 basehttp 154 "GET /static/js/tempusdominus-bootstrap-4.min.js HTTP/1.1" 404 1729
INFO 2022-05-01 11:09:46,635 basehttp 154 "GET /myapp/users/add/ HTTP/1.1" 200 7359
WARNING 2022-05-01 11:09:46,650 basehttp 154 "GET /static/js/tempusdominus-bootstrap-4.min.js HTTP/1.1" 404 1729
INFO 2022-05-01 11:09:50,070 basehttp 154 "GET /myapp/users/add/ HTTP/1.1" 200 7359
WARNING 2022-05-01 11:09:50,085 basehttp 154 "GET /static/js/tempusdominus-bootstrap-4.min.js HTTP/1.1" 404 1729
INFO 2022-05-01 11:10:30,521 basehttp 154 "GET /myapp/users/add/ HTTP/1.1" 200 6304
WARNING 2022-05-01 11:10:30,537 basehttp 154 "GET /static/js/tempusdominus-bootstrap-4.min.js HTTP/1.1" 404 1729
INFO 2022-05-01 11:11:59,228 basehttp 154 "GET /myapp/users/add/ HTTP/1.1" 200 6434
WARNING 2022-05-01 11:11:59,241 basehttp 154 "GET /static/js/tempusdominus-bootstrap-4.min.js HTTP/1.1" 404 1729
INFO 2022-05-01 11:27:08,500 basehttp 154 "GET /myapp/users/add/ HTTP/1.1" 200 5633
INFO 2022-05-01 11:27:27,390 basehttp 154 "GET /myapp/users/add/ HTTP/1.1" 200 5640
INFO 2022-05-01 11:27:29,740 basehttp 154 "GET /myapp/users/ HTTP/1.1" 200 6488
INFO 2022-05-01 11:27:35,475 basehttp 154 "GET /myapp/users/ HTTP/1.1" 200 6488
INFO 2022-05-01 11:27:37,414 basehttp 154 "GET /myapp/login/ HTTP/1.1" 200 2070
INFO 2022-05-01 11:27:37,429 basehttp 154 "GET /static/css/styles.css HTTP/1.1" 200 2762
INFO 2022-05-01 11:27:37,430 basehttp 154 "GET /static/css/bootstrap.min.css HTTP/1.1" 200 140936
INFO 2022-05-01 11:27:37,919 basehttp 154 "GET /static/img/bg-image.jpeg HTTP/1.1" 200 498505
INFO 2022-05-01 11:28:14,203 autoreload 217 D:\pythonProject\LeetCode\Git\Web_Project\myweb\myapp\views.py changed, reloading.
INFO 2022-05-01 11:28:15,270 autoreload 597 Watching for file changes with StatReloader
INFO 2022-05-01 11:31:08,168 autoreload 217 D:\pythonProject\LeetCode\Git\Web_Project\myweb\myapp\views.py changed, reloading.
INFO 2022-05-01 11:31:09,266 autoreload 597 Watching for file changes with StatReloader
INFO 2022-05-01 11:31:38,206 autoreload 217 D:\pythonProject\LeetCode\Git\Web_Project\myweb\myapp\views.py changed, reloading.
INFO 2022-05-01 11:31:39,279 autoreload 597 Watching for file changes with StatReloader
INFO 2022-05-01 11:31:47,753 autoreload 597 Watching for file changes with StatReloader
INFO 2022-05-01 11:32:17,114 basehttp 154 "POST /myapp/login/ HTTP/1.1" 200 2107
INFO 2022-05-01 11:32:45,047 autoreload 217 D:\pythonProject\LeetCode\Git\Web_Project\myweb\myapp\views.py changed, reloading.
INFO 2022-05-01 11:32:46,209 autoreload 597 Watching for file changes with StatReloader
ERROR 2022-05-01 11:33:04,093 log 222 Internal Server Error: /myapp/login/
Traceback (most recent call last):
  File "D:\Anaconda3\envs\web\lib\site-packages\django\core\handlers\exception.py", line 34, in inner
    response = get_response(request)
  File "D:\Anaconda3\envs\web\lib\site-packages\django\core\handlers\base.py", line 115, in _get_response
    response = self.process_exception_by_middleware(e, request)
  File "D:\Anaconda3\envs\web\lib\site-packages\django\core\handlers\base.py", line 113, in _get_response
    response = wrapped_callback(request, *callback_args, **callback_kwargs)
  File "D:\pythonProject\LeetCode\Git\Web_Project\myweb\myapp\views.py", line 126, in login
    MyINFO(a)
  File "D:\pythonProject\LeetCode\Git\Web_Project\myweb\myapp\views.py", line 14, in MyINFO
    logger.info(t+s)
TypeError: can only concatenate str (not "AllUsers") to str
ERROR 2022-05-01 11:33:04,094 basehttp 154 "POST /myapp/login/ HTTP/1.1" 500 74216
INFO 2022-05-01 11:33:43,348 autoreload 217 D:\pythonProject\LeetCode\Git\Web_Project\myweb\myapp\views.py changed, reloading.
INFO 2022-05-01 11:33:44,445 autoreload 597 Watching for file changes with StatReloader
INFO 2022-05-01 11:33:58,035 basehttp 154 "POST /myapp/login/ HTTP/1.1" 200 2107
INFO 2022-05-01 11:34:07,913 autoreload 597 Watching for file changes with StatReloader
INFO 2022-05-01 11:34:13,374 basehttp 154 "GET /myapp/login/ HTTP/1.1" 200 2070
INFO 2022-05-01 11:34:23,321 basehttp 154 "POST /myapp/login/ HTTP/1.1" 200 2107
INFO 2022-05-01 11:36:13,196 autoreload 217 D:\pythonProject\LeetCode\Git\Web_Project\myweb\myapp\views.py changed, reloading.
INFO 2022-05-01 11:36:36,469 autoreload 597 Watching for file changes with StatReloader
ERROR 2022-05-01 11:36:36,844 log 222 Internal Server Error: /myapp/login/
Traceback (most recent call last):
  File "D:\Anaconda3\envs\web\lib\site-packages\django\core\handlers\exception.py", line 34, in inner
    response = get_response(request)
  File "D:\Anaconda3\envs\web\lib\site-packages\django\core\handlers\base.py", line 115, in _get_response
    response = self.process_exception_by_middleware(e, request)
  File "D:\Anaconda3\envs\web\lib\site-packages\django\core\handlers\base.py", line 113, in _get_response
    response = wrapped_callback(request, *callback_args, **callback_kwargs)
  File "D:\pythonProject\LeetCode\Git\Web_Project\myweb\myapp\views.py", line 126, in login
    print(a['name'])
TypeError: 'AllUsers' object is not subscriptable
ERROR 2022-05-01 11:36:36,846 basehttp 154 "POST /myapp/login/ HTTP/1.1" 500 70734
INFO 2022-05-01 11:36:51,669 autoreload 217 D:\pythonProject\LeetCode\Git\Web_Project\myweb\myapp\views.py changed, reloading.
INFO 2022-05-01 11:36:52,785 autoreload 597 Watching for file changes with StatReloader
INFO 2022-05-01 11:36:55,042 basehttp 154 "POST /myapp/login/ HTTP/1.1" 200 2107
INFO 2022-05-01 11:37:01,681 basehttp 154 "POST /myapp/login/ HTTP/1.1" 200 2107
INFO 2022-05-01 11:37:50,067 autoreload 217 D:\pythonProject\LeetCode\Git\Web_Project\myweb\myapp\views.py changed, reloading.
INFO 2022-05-01 11:37:51,205 autoreload 597 Watching for file changes with StatReloader
INFO 2022-05-01 11:47:37,327 autoreload 217 D:\pythonProject\LeetCode\Git\Web_Project\myweb\myapp\views.py changed, reloading.
INFO 2022-05-01 11:47:38,439 autoreload 597 Watching for file changes with StatReloader
INFO 2022-05-01 11:47:43,754 autoreload 217 D:\pythonProject\LeetCode\Git\Web_Project\myweb\myapp\views.py changed, reloading.
INFO 2022-05-01 11:47:44,792 autoreload 597 Watching for file changes with StatReloader
INFO 2022-05-01 11:47:48,659 basehttp 154 "POST /myapp/login/ HTTP/1.1" 200 2107
INFO 2022-05-01 11:47:55,434 basehttp 154 "POST /myapp/login/ HTTP/1.1" 302 0
INFO 2022-05-01 11:47:55,451 basehttp 154 "GET /myapp/users/ HTTP/1.1" 200 6488
INFO 2022-05-01 11:47:58,927 autoreload 217 D:\pythonProject\LeetCode\Git\Web_Project\myweb\myapp\views.py changed, reloading.
INFO 2022-05-01 11:48:00,037 autoreload 597 Watching for file changes with StatReloader
INFO 2022-05-01 11:48:45,742 autoreload 217 D:\pythonProject\LeetCode\Git\Web_Project\myweb\myapp\views.py changed, reloading.
INFO 2022-05-01 11:48:46,793 autoreload 597 Watching for file changes with StatReloader
INFO 2022-05-02 19:51:58,142 autoreload 597 Watching for file changes with StatReloader
INFO 2022-05-02 19:51:59,028 basehttp 154 "GET /myapp/users/ HTTP/1.1" 200 6494
INFO 2022-05-02 19:51:59,052 basehttp 154 "GET /static/plugins/bootstrap-3.4.1/css/bootstrap.min.css HTTP/1.1" 304 0
INFO 2022-05-02 19:51:59,052 basehttp 154 "GET /static/js/jquery-3.6.0.min.js HTTP/1.1" 304 0
INFO 2022-05-02 19:51:59,057 basehttp 154 "GET /static/plugins/bootstrap-3.4.1/js/bootstrap.min.js HTTP/1.1" 304 0
INFO 2022-05-02 19:51:59,083 basehttp 154 "GET /static/plugins/bootstrap-3.4.1/fonts/glyphicons-halflings-regular.woff2 HTTP/1.1" 304 0
WARNING 2022-05-02 19:51:59,100 log 222 Not Found: /favicon.ico
WARNING 2022-05-02 19:51:59,100 basehttp 154 "GET /favicon.ico HTTP/1.1" 404 2077
INFO 2022-05-02 19:52:00,781 basehttp 154 "GET /myapp/users/add_model_form HTTP/1.1" 200 6549
INFO 2022-05-02 19:52:44,568 autoreload 217 D:\pythonProject\LeetCode\Git\Web_Project\myweb\myapp\views.py changed, reloading.
INFO 2022-05-02 19:52:46,609 autoreload 597 Watching for file changes with StatReloader
INFO 2022-05-02 19:52:47,289 basehttp 154 "GET /myapp/users/add_model_form HTTP/1.1" 200 6549
INFO 2022-05-02 19:56:55,518 autoreload 217 D:\pythonProject\LeetCode\Git\Web_Project\myweb\myapp\views.py changed, reloading.
INFO 2022-05-02 19:56:56,528 autoreload 597 Watching for file changes with StatReloader
INFO 2022-05-02 19:57:06,716 autoreload 217 D:\pythonProject\LeetCode\Git\Web_Project\myweb\myapp\views.py changed, reloading.
INFO 2022-05-02 19:57:07,740 autoreload 597 Watching for file changes with StatReloader
INFO 2022-05-02 19:57:11,348 basehttp 154 "GET /myapp/users/add_model_form HTTP/1.1" 200 6548
INFO 2022-05-02 19:58:49,650 basehttp 154 "GET /myapp/users/add_model_form HTTP/1.1" 200 6548
INFO 2022-05-02 20:02:17,482 autoreload 217 D:\pythonProject\LeetCode\Git\Web_Project\myweb\myapp\views.py changed, reloading.
INFO 2022-05-02 20:02:18,493 autoreload 597 Watching for file changes with StatReloader
INFO 2022-05-02 20:02:39,856 basehttp 154 "GET /myapp/users/add_model_form HTTP/1.1" 200 6548
INFO 2022-05-02 20:06:05,492 autoreload 597 Watching for file changes with StatReloader
INFO 2022-05-02 20:06:08,541 basehttp 154 "GET /myapp/users/add_model_form HTTP/1.1" 200 6548
INFO 2022-05-02 20:09:17,096 autoreload 217 D:\pythonProject\LeetCode\Git\Web_Project\myweb\myapp\views.py changed, reloading.
INFO 2022-05-02 20:09:18,184 autoreload 597 Watching for file changes with StatReloader
INFO 2022-05-02 20:13:12,305 autoreload 217 D:\pythonProject\LeetCode\Git\Web_Project\myweb\myapp\views.py changed, reloading.
INFO 2022-05-02 20:13:13,308 autoreload 597 Watching for file changes with StatReloader
INFO 2022-05-02 20:13:18,853 basehttp 154 "GET /myapp/users/add_model_form HTTP/1.1" 200 6551
INFO 2022-05-02 20:13:40,002 basehttp 154 "GET /static/plugins/bootstrap-3.4.1/css/bootstrap.min.css.map HTTP/1.1" 200 540434
INFO 2022-05-02 20:14:13,950 autoreload 217 D:\pythonProject\LeetCode\Git\Web_Project\myweb\myapp\views.py changed, reloading.
INFO 2022-05-02 20:14:14,954 autoreload 597 Watching for file changes with StatReloader
INFO 2022-05-02 20:14:17,743 autoreload 217 D:\pythonProject\LeetCode\Git\Web_Project\myweb\myapp\views.py changed, reloading.
INFO 2022-05-02 20:14:18,937 autoreload 597 Watching for file changes with StatReloader
INFO 2022-05-02 20:14:20,726 basehttp 154 "GET /myapp/users/add_model_form HTTP/1.1" 200 6548
INFO 2022-05-02 20:14:20,771 basehttp 154 "GET /static/plugins/bootstrap-3.4.1/css/bootstrap.min.css.map HTTP/1.1" 200 540434
INFO 2022-05-02 20:14:34,737 basehttp 154 "GET /myapp/users/add/ HTTP/1.1" 200 5640
INFO 2022-05-02 20:14:41,209 basehttp 154 "GET /myapp/users/add_model_form HTTP/1.1" 200 6548
INFO 2022-05-02 20:15:08,697 autoreload 217 D:\pythonProject\LeetCode\Git\Web_Project\myweb\myapp\views.py changed, reloading.
INFO 2022-05-02 20:15:09,745 autoreload 597 Watching for file changes with StatReloader
INFO 2022-05-02 20:15:11,257 basehttp 154 "GET /myapp/users/add_model_form HTTP/1.1" 200 6704
INFO 2022-05-02 20:20:36,635 autoreload 217 D:\pythonProject\LeetCode\Git\Web_Project\myweb\myapp\views.py changed, reloading.
INFO 2022-05-02 20:20:37,690 autoreload 597 Watching for file changes with StatReloader
INFO 2022-05-02 20:21:47,002 autoreload 217 D:\pythonProject\LeetCode\Git\Web_Project\myweb\myapp\views.py changed, reloading.
INFO 2022-05-02 20:21:48,156 autoreload 597 Watching for file changes with StatReloader
INFO 2022-05-02 20:22:43,804 autoreload 217 D:\pythonProject\LeetCode\Git\Web_Project\myweb\myapp\views.py changed, reloading.
INFO 2022-05-02 20:22:44,845 autoreload 597 Watching for file changes with StatReloader
INFO 2022-05-02 20:23:50,149 autoreload 217 D:\pythonProject\LeetCode\Git\Web_Project\myweb\myapp\views.py changed, reloading.
INFO 2022-05-02 20:23:51,214 autoreload 597 Watching for file changes with StatReloader
INFO 2022-05-02 20:26:27,588 basehttp 154 "GET /myapp/users/add_model_form HTTP/1.1" 200 6572
INFO 2022-05-02 20:26:29,316 basehttp 154 "POST /myapp/users/add_model_form HTTP/1.1" 200 6581
INFO 2022-05-02 20:26:30,948 basehttp 154 "POST /myapp/users/add_model_form HTTP/1.1" 200 6581
INFO 2022-05-02 20:26:31,592 basehttp 154 "POST /myapp/users/add_model_form HTTP/1.1" 200 6581
INFO 2022-05-02 20:26:39,232 autoreload 217 D:\pythonProject\LeetCode\Git\Web_Project\myweb\myapp\views.py changed, reloading.
INFO 2022-05-02 20:26:53,545 autoreload 597 Watching for file changes with StatReloader
INFO 2022-05-02 20:26:56,954 basehttp 154 "POST /myapp/users/add_model_form HTTP/1.1" 200 6581
INFO 2022-05-02 20:27:08,368 basehttp 154 "POST /myapp/users/add_model_form HTTP/1.1" 200 6608
INFO 2022-05-02 20:28:50,756 autoreload 597 Watching for file changes with StatReloader
INFO 2022-05-02 20:29:01,949 basehttp 154 "POST /myapp/users/add_model_form HTTP/1.1" 200 6629
INFO 2022-05-02 20:29:48,949 basehttp 154 "POST /myapp/users/add_model_form HTTP/1.1" 200 6930
INFO 2022-05-02 20:29:50,573 basehttp 154 "POST /myapp/users/add_model_form HTTP/1.1" 200 6930
INFO 2022-05-02 20:32:06,043 basehttp 154 "POST /myapp/users/add_model_form HTTP/1.1" 200 6894
INFO 2022-05-02 20:32:08,123 basehttp 154 "POST /myapp/users/add_model_form HTTP/1.1" 200 6894
INFO 2022-05-02 20:32:10,929 basehttp 154 "POST /myapp/users/add_model_form HTTP/1.1" 200 6894
INFO 2022-05-02 20:32:37,354 basehttp 154 "POST /myapp/users/add_model_form HTTP/1.1" 200 6883
INFO 2022-05-02 20:33:45,135 basehttp 154 "POST /myapp/users/add_model_form HTTP/1.1" 200 7055
INFO 2022-05-02 20:33:57,551 basehttp 154 "POST /myapp/users/add_model_form HTTP/1.1" 200 7039
INFO 2022-05-02 20:34:29,297 basehttp 154 "POST /myapp/users/add_model_form HTTP/1.1" 302 0
INFO 2022-05-02 20:34:29,309 basehttp 154 "GET /myapp/users/ HTTP/1.1" 200 7160
INFO 2022-05-02 20:37:03,431 autoreload 217 D:\pythonProject\LeetCode\Git\Web_Project\myweb\myapp\models.py changed, reloading.
INFO 2022-05-02 20:37:04,591 autoreload 597 Watching for file changes with StatReloader
INFO 2022-05-02 20:38:10,512 autoreload 217 D:\pythonProject\LeetCode\Git\Web_Project\myweb\myweb\settings.py changed, reloading.
INFO 2022-05-02 20:38:11,666 autoreload 597 Watching for file changes with StatReloader
INFO 2022-05-02 20:38:40,087 autoreload 217 D:\pythonProject\LeetCode\Git\Web_Project\myweb\myweb\settings.py changed, reloading.
INFO 2022-05-02 20:38:41,196 autoreload 597 Watching for file changes with StatReloader
INFO 2022-05-02 20:38:56,370 autoreload 217 D:\pythonProject\LeetCode\Git\Web_Project\myweb\myweb\settings.py changed, reloading.
INFO 2022-05-02 20:38:57,504 autoreload 597 Watching for file changes with StatReloader
INFO 2022-05-02 20:38:59,255 basehttp 154 "GET /myapp/users/add_model_form HTTP/1.1" 200 6963
INFO 2022-05-02 20:39:01,998 basehttp 154 "POST /myapp/users/add_model_form HTTP/1.1" 200 7134
INFO 2022-05-02 20:39:24,962 basehttp 154 "POST /myapp/users/add_model_form HTTP/1.1" 200 7162
INFO 2022-05-02 20:39:25,823 basehttp 154 "POST /myapp/users/add_model_form HTTP/1.1" 200 7162
INFO 2022-05-02 20:39:27,922 basehttp 154 "POST /myapp/users/add_model_form HTTP/1.1" 200 7162
INFO 2022-05-02 20:39:29,410 basehttp 154 "POST /myapp/users/add_model_form HTTP/1.1" 200 7162
INFO 2022-05-02 20:39:44,670 basehttp 154 "POST /myapp/users/add_model_form HTTP/1.1" 200 7141
INFO 2022-05-02 20:39:54,127 basehttp 154 "POST /myapp/users/add_model_form HTTP/1.1" 200 7124
INFO 2022-05-02 20:43:18,806 basehttp 154 "GET /myapp/users/ HTTP/1.1" 200 7160
INFO 2022-05-02 20:43:21,495 basehttp 154 "GET /myapp/users/ HTTP/1.1" 200 7160
INFO 2022-05-02 20:44:33,311 autoreload 217 D:\pythonProject\LeetCode\Git\Web_Project\myweb\myapp\views.py changed, reloading.
INFO 2022-05-02 20:44:34,369 autoreload 597 Watching for file changes with StatReloader
INFO 2022-05-03 13:07:39,403 autoreload 597 Watching for file changes with StatReloader
INFO 2022-05-03 13:07:42,570 basehttp 154 "GET /myapp/users/ HTTP/1.1" 200 7160
WARNING 2022-05-03 13:07:42,604 log 222 Not Found: /favicon.ico
WARNING 2022-05-03 13:07:42,604 basehttp 154 "GET /favicon.ico HTTP/1.1" 404 2077
INFO 2022-05-03 13:07:44,891 basehttp 154 "GET /myapp/users/1/edit/ HTTP/1.1" 200 3402
INFO 2022-05-03 13:10:27,503 autoreload 217 D:\pythonProject\LeetCode\Git\Web_Project\myweb\myapp\urls.py changed, reloading.
INFO 2022-05-03 13:10:28,574 autoreload 597 Watching for file changes with StatReloader
INFO 2022-05-03 13:10:48,574 autoreload 217 D:\pythonProject\LeetCode\Git\Web_Project\myweb\myapp\urls.py changed, reloading.
INFO 2022-05-03 13:10:49,564 autoreload 597 Watching for file changes with StatReloader
INFO 2022-05-03 13:11:05,775 autoreload 217 D:\pythonProject\LeetCode\Git\Web_Project\myweb\myapp\urls.py changed, reloading.
INFO 2022-05-03 13:11:06,845 autoreload 597 Watching for file changes with StatReloader
INFO 2022-05-03 13:11:55,076 autoreload 217 D:\pythonProject\LeetCode\Git\Web_Project\myweb\myapp\views.py changed, reloading.
INFO 2022-05-03 13:11:56,097 autoreload 597 Watching for file changes with StatReloader
INFO 2022-05-03 13:13:24,746 autoreload 217 D:\pythonProject\LeetCode\Git\Web_Project\myweb\myapp\views.py changed, reloading.
INFO 2022-05-03 13:13:25,841 autoreload 597 Watching for file changes with StatReloader
INFO 2022-05-03 13:15:22,450 autoreload 217 D:\pythonProject\LeetCode\Git\Web_Project\myweb\myapp\views.py changed, reloading.
INFO 2022-05-03 13:15:23,519 autoreload 597 Watching for file changes with StatReloader
INFO 2022-05-03 13:15:25,089 autoreload 217 D:\pythonProject\LeetCode\Git\Web_Project\myweb\myapp\urls.py changed, reloading.
INFO 2022-05-03 13:15:26,110 autoreload 597 Watching for file changes with StatReloader
INFO 2022-05-03 13:15:28,852 autoreload 217 D:\pythonProject\LeetCode\Git\Web_Project\myweb\myapp\urls.py changed, reloading.
INFO 2022-05-03 13:15:29,952 autoreload 597 Watching for file changes with StatReloader
INFO 2022-05-03 13:21:09,349 autoreload 217 D:\pythonProject\LeetCode\Git\Web_Project\myweb\myapp\views.py changed, reloading.
INFO 2022-05-03 13:21:10,372 autoreload 597 Watching for file changes with StatReloader
INFO 2022-05-03 13:22:08,866 autoreload 217 D:\pythonProject\LeetCode\Git\Web_Project\myweb\myapp\views.py changed, reloading.
INFO 2022-05-03 13:22:10,009 autoreload 597 Watching for file changes with StatReloader
INFO 2022-05-03 13:24:36,679 autoreload 217 D:\pythonProject\LeetCode\Git\Web_Project\myweb\myapp\views.py changed, reloading.
INFO 2022-05-03 13:24:37,800 autoreload 597 Watching for file changes with StatReloader
INFO 2022-05-03 13:25:35,735 autoreload 217 D:\pythonProject\LeetCode\Git\Web_Project\myweb\myapp\views.py changed, reloading.
INFO 2022-05-03 13:25:36,798 autoreload 597 Watching for file changes with StatReloader
INFO 2022-05-03 13:25:56,399 basehttp 154 "GET /myapp/users/ HTTP/1.1" 200 7204
INFO 2022-05-03 13:25:57,699 basehttp 154 "GET /myapp/users/modelform/edit/1 HTTP/1.1" 200 7039
INFO 2022-05-03 13:26:01,813 basehttp 154 "POST /myapp/users/modelform/edit/1 HTTP/1.1" 200 3837
INFO 2022-05-03 13:26:07,675 basehttp 154 "POST /myapp/users/modelform/edit/1 HTTP/1.1" 200 3837
INFO 2022-05-03 13:26:12,282 basehttp 154 "POST /myapp/users/modelform/edit/1 HTTP/1.1" 200 3837
INFO 2022-05-03 13:27:03,553 autoreload 217 D:\pythonProject\LeetCode\Git\Web_Project\myweb\myapp\views.py changed, reloading.
INFO 2022-05-03 13:27:04,587 autoreload 597 Watching for file changes with StatReloader
INFO 2022-05-03 13:27:16,055 basehttp 154 "GET /myapp/users/ HTTP/1.1" 200 7204
INFO 2022-05-03 13:27:17,723 basehttp 154 "GET /myapp/users/modelform/edit/1 HTTP/1.1" 200 7039
INFO 2022-05-03 13:27:20,156 basehttp 154 "POST /myapp/users/modelform/edit/1 HTTP/1.1" 302 0
INFO 2022-05-03 13:27:20,168 basehttp 154 "GET /myapp/users/ HTTP/1.1" 200 7204
INFO 2022-05-03 13:27:26,541 basehttp 154 "GET /myapp/users/modelform/edit/1 HTTP/1.1" 200 7039
INFO 2022-05-03 13:27:31,071 basehttp 154 "POST /myapp/users/modelform/edit/1 HTTP/1.1" 302 0
INFO 2022-05-03 13:27:31,083 basehttp 154 "GET /myapp/users/ HTTP/1.1" 200 7204
INFO 2022-05-03 13:28:27,498 autoreload 217 D:\pythonProject\LeetCode\Git\Web_Project\myweb\myapp\views.py changed, reloading.
INFO 2022-05-03 13:28:28,519 autoreload 597 Watching for file changes with StatReloader
INFO 2022-05-03 13:28:29,829 basehttp 154 "GET /myapp/users/modelform/edit/1 HTTP/1.1" 200 7039
INFO 2022-05-03 13:28:33,239 basehttp 154 "POST /myapp/users/modelform/edit/1 HTTP/1.1" 302 0
INFO 2022-05-03 13:28:33,253 basehttp 154 "GET /myapp/users/ HTTP/1.1" 200 7204
INFO 2022-05-03 13:29:10,770 autoreload 217 D:\pythonProject\LeetCode\Git\Web_Project\myweb\myapp\views.py changed, reloading.
INFO 2022-05-03 13:29:11,768 autoreload 597 Watching for file changes with StatReloader
INFO 2022-05-03 13:29:37,809 autoreload 217 D:\pythonProject\LeetCode\Git\Web_Project\myweb\myapp\views.py changed, reloading.
INFO 2022-05-03 13:29:38,878 autoreload 597 Watching for file changes with StatReloader
INFO 2022-05-03 13:29:48,101 basehttp 154 "GET /myapp/users/ HTTP/1.1" 200 7204
INFO 2022-05-03 13:29:50,025 basehttp 154 "GET /myapp/users/modelform/edit/5 HTTP/1.1" 200 7033
ERROR 2022-05-03 13:29:53,070 log 222 Internal Server Error: /myapp/users/modelform/edit/5
Traceback (most recent call last):
  File "D:\Anaconda3\envs\web\lib\site-packages\django\core\handlers\exception.py", line 34, in inner
    response = get_response(request)
  File "D:\Anaconda3\envs\web\lib\site-packages\django\core\handlers\base.py", line 115, in _get_response
    response = self.process_exception_by_middleware(e, request)
  File "D:\Anaconda3\envs\web\lib\site-packages\django\core\handlers\base.py", line 113, in _get_response
    response = wrapped_callback(request, *callback_args, **callback_kwargs)
  File "D:\pythonProject\LeetCode\Git\Web_Project\myweb\myapp\views.py", line 301, in user_model_form_edit
    form.save()
  File "D:\Anaconda3\envs\web\lib\site-packages\django\forms\models.py", line 450, in save
    raise ValueError(
ValueError: The AllUsers could not be changed because the data didn't validate.
ERROR 2022-05-03 13:29:53,071 basehttp 154 "POST /myapp/users/modelform/edit/5 HTTP/1.1" 500 75652
INFO 2022-05-03 13:31:57,159 autoreload 217 D:\pythonProject\LeetCode\Git\Web_Project\myweb\myapp\views.py changed, reloading.
INFO 2022-05-03 13:31:58,538 autoreload 597 Watching for file changes with StatReloader
INFO 2022-05-03 13:32:49,222 autoreload 217 D:\pythonProject\LeetCode\Git\Web_Project\myweb\myapp\views.py changed, reloading.
INFO 2022-05-03 13:32:50,202 autoreload 597 Watching for file changes with StatReloader
INFO 2022-05-03 13:34:21,128 basehttp 154 "GET /myapp/users/modelform/add HTTP/1.1" 200 7054
INFO 2022-05-03 13:34:22,184 basehttp 154 "POST /myapp/users/modelform/add HTTP/1.1" 200 7225
INFO 2022-05-03 13:34:23,804 basehttp 154 "GET /myapp/users/modelform/add HTTP/1.1" 200 7054
INFO 2022-05-03 13:34:27,633 basehttp 154 "GET /myapp/users/modelform/edit/5 HTTP/1.1" 200 7116
ERROR 2022-05-03 13:34:30,739 log 222 Internal Server Error: /myapp/users/modelform/edit/5
Traceback (most recent call last):
  File "D:\Anaconda3\envs\web\lib\site-packages\django\core\handlers\exception.py", line 34, in inner
    response = get_response(request)
  File "D:\Anaconda3\envs\web\lib\site-packages\django\core\handlers\base.py", line 115, in _get_response
    response = self.process_exception_by_middleware(e, request)
  File "D:\Anaconda3\envs\web\lib\site-packages\django\core\handlers\base.py", line 113, in _get_response
    response = wrapped_callback(request, *callback_args, **callback_kwargs)
  File "D:\pythonProject\LeetCode\Git\Web_Project\myweb\myapp\views.py", line 305, in user_model_form_edit
    form.save()
  File "D:\Anaconda3\envs\web\lib\site-packages\django\forms\models.py", line 450, in save
    raise ValueError(
ValueError: The AllUsers could not be changed because the data didn't validate.
ERROR 2022-05-03 13:34:30,740 basehttp 154 "POST /myapp/users/modelform/edit/5 HTTP/1.1" 500 75670
INFO 2022-05-03 13:35:03,278 autoreload 217 D:\pythonProject\LeetCode\Git\Web_Project\myweb\myapp\views.py changed, reloading.
INFO 2022-05-03 13:35:04,293 autoreload 597 Watching for file changes with StatReloader
INFO 2022-05-03 13:35:06,581 basehttp 154 "POST /myapp/users/modelform/edit/5 HTTP/1.1" 200 7128
INFO 2022-05-03 13:35:14,533 basehttp 154 "POST /myapp/users/modelform/edit/5 HTTP/1.1" 302 0
INFO 2022-05-03 13:35:14,545 basehttp 154 "GET /myapp/users/ HTTP/1.1" 200 7204
INFO 2022-05-03 13:40:51,235 basehttp 154 "GET /myapp/users/modelform/add HTTP/1.1" 200 7054
INFO 2022-05-03 13:41:03,977 basehttp 154 "POST /myapp/users/modelform/add HTTP/1.1" 302 0
INFO 2022-05-03 13:41:03,990 basehttp 154 "GET /myapp/users/ HTTP/1.1" 200 7865
ERROR 2022-05-03 13:41:06,763 log 222 Internal Server Error: /myapp/users/6/del/
Traceback (most recent call last):
  File "D:\Anaconda3\envs\web\lib\site-packages\django\template\backends\django.py", line 61, in render
    return self.template.render(context)
  File "D:\Anaconda3\envs\web\lib\site-packages\django\template\base.py", line 171, in render
    return self._render(context)
  File "D:\Anaconda3\envs\web\lib\site-packages\django\template\base.py", line 163, in _render
    return self.nodelist.render(context)
  File "D:\Anaconda3\envs\web\lib\site-packages\django\template\base.py", line 937, in render
    bit = node.render_annotated(context)
  File "D:\Anaconda3\envs\web\lib\site-packages\django\template\base.py", line 904, in render_annotated
    return self.render(context)
  File "D:\Anaconda3\envs\web\lib\site-packages\django\template\loader_tags.py", line 150, in render
    return compiled_parent._render(context)
  File "D:\Anaconda3\envs\web\lib\site-packages\django\template\base.py", line 163, in _render
    return self.nodelist.render(context)
  File "D:\Anaconda3\envs\web\lib\site-packages\django\template\base.py", line 937, in render
    bit = node.render_annotated(context)
  File "D:\Anaconda3\envs\web\lib\site-packages\django\template\base.py", line 904, in render_annotated
    return self.render(context)
  File "D:\Anaconda3\envs\web\lib\site-packages\django\template\loader_tags.py", line 62, in render
    result = block.nodelist.render(context)
  File "D:\Anaconda3\envs\web\lib\site-packages\django\template\base.py", line 937, in render
    bit = node.render_annotated(context)
  File "D:\Anaconda3\envs\web\lib\site-packages\django\template\base.py", line 904, in render_annotated
    return self.render(context)
  File "D:\Anaconda3\envs\web\lib\site-packages\django\template\loader_tags.py", line 176, in render
    template = context.template.engine.get_template(template_name)
  File "D:\Anaconda3\envs\web\lib\site-packages\django\template\engine.py", line 143, in get_template
    template, origin = self.find_template(template_name)
  File "D:\Anaconda3\envs\web\lib\site-packages\django\template\engine.py", line 129, in find_template
    raise TemplateDoesNotExist(name, tried=tried)
django.template.exceptions.TemplateDoesNotExist: menu.html

The above exception was the direct cause of the following exception:

Traceback (most recent call last):
  File "D:\Anaconda3\envs\web\lib\site-packages\django\core\handlers\exception.py", line 34, in inner
    response = get_response(request)
  File "D:\Anaconda3\envs\web\lib\site-packages\django\core\handlers\base.py", line 115, in _get_response
    response = self.process_exception_by_middleware(e, request)
  File "D:\Anaconda3\envs\web\lib\site-packages\django\core\handlers\base.py", line 113, in _get_response
    response = wrapped_callback(request, *callback_args, **callback_kwargs)
  File "D:\pythonProject\LeetCode\Git\Web_Project\myweb\myapp\views.py", line 81, in delUsers
    return render(request,"info.html",context)
  File "D:\Anaconda3\envs\web\lib\site-packages\django\shortcuts.py", line 36, in render
    content = loader.render_to_string(template_name, context, request, using=using)
  File "D:\Anaconda3\envs\web\lib\site-packages\django\template\loader.py", line 62, in render_to_string
    return template.render(context, request)
  File "D:\Anaconda3\envs\web\lib\site-packages\django\template\backends\django.py", line 63, in render
    reraise(exc, self.backend)
  File "D:\Anaconda3\envs\web\lib\site-packages\django\template\backends\django.py", line 84, in reraise
    raise new from exc
django.template.exceptions.TemplateDoesNotExist: menu.html
ERROR 2022-05-03 13:41:06,765 basehttp 154 "GET /myapp/users/6/del/ HTTP/1.1" 500 160596
INFO 2022-05-03 13:43:04,197 autoreload 217 D:\pythonProject\LeetCode\Git\Web_Project\myweb\myapp\views.py changed, reloading.
INFO 2022-05-03 13:43:05,245 autoreload 597 Watching for file changes with StatReloader
ERROR 2022-05-03 13:43:07,672 log 222 Internal Server Error: /myapp/users/6/del/
Traceback (most recent call last):
  File "D:\Anaconda3\envs\web\lib\site-packages\django\template\backends\django.py", line 61, in render
    return self.template.render(context)
  File "D:\Anaconda3\envs\web\lib\site-packages\django\template\base.py", line 171, in render
    return self._render(context)
  File "D:\Anaconda3\envs\web\lib\site-packages\django\template\base.py", line 163, in _render
    return self.nodelist.render(context)
  File "D:\Anaconda3\envs\web\lib\site-packages\django\template\base.py", line 937, in render
    bit = node.render_annotated(context)
  File "D:\Anaconda3\envs\web\lib\site-packages\django\template\base.py", line 904, in render_annotated
    return self.render(context)
  File "D:\Anaconda3\envs\web\lib\site-packages\django\template\loader_tags.py", line 150, in render
    return compiled_parent._render(context)
  File "D:\Anaconda3\envs\web\lib\site-packages\django\template\base.py", line 163, in _render
    return self.nodelist.render(context)
  File "D:\Anaconda3\envs\web\lib\site-packages\django\template\base.py", line 937, in render
    bit = node.render_annotated(context)
  File "D:\Anaconda3\envs\web\lib\site-packages\django\template\base.py", line 904, in render_annotated
    return self.render(context)
  File "D:\Anaconda3\envs\web\lib\site-packages\django\template\loader_tags.py", line 62, in render
    result = block.nodelist.render(context)
  File "D:\Anaconda3\envs\web\lib\site-packages\django\template\base.py", line 937, in render
    bit = node.render_annotated(context)
  File "D:\Anaconda3\envs\web\lib\site-packages\django\template\base.py", line 904, in render_annotated
    return self.render(context)
  File "D:\Anaconda3\envs\web\lib\site-packages\django\template\loader_tags.py", line 176, in render
    template = context.template.engine.get_template(template_name)
  File "D:\Anaconda3\envs\web\lib\site-packages\django\template\engine.py", line 143, in get_template
    template, origin = self.find_template(template_name)
  File "D:\Anaconda3\envs\web\lib\site-packages\django\template\engine.py", line 129, in find_template
    raise TemplateDoesNotExist(name, tried=tried)
django.template.exceptions.TemplateDoesNotExist: menu.html

The above exception was the direct cause of the following exception:

Traceback (most recent call last):
  File "D:\Anaconda3\envs\web\lib\site-packages\django\core\handlers\exception.py", line 34, in inner
    response = get_response(request)
  File "D:\Anaconda3\envs\web\lib\site-packages\django\core\handlers\base.py", line 115, in _get_response
    response = self.process_exception_by_middleware(e, request)
  File "D:\Anaconda3\envs\web\lib\site-packages\django\core\handlers\base.py", line 113, in _get_response
    response = wrapped_callback(request, *callback_args, **callback_kwargs)
  File "D:\pythonProject\LeetCode\Git\Web_Project\myweb\myapp\views.py", line 81, in delUsers
    return render(request,"info.html",context)
  File "D:\Anaconda3\envs\web\lib\site-packages\django\shortcuts.py", line 36, in render
    content = loader.render_to_string(template_name, context, request, using=using)
  File "D:\Anaconda3\envs\web\lib\site-packages\django\template\loader.py", line 62, in render_to_string
    return template.render(context, request)
  File "D:\Anaconda3\envs\web\lib\site-packages\django\template\backends\django.py", line 63, in render
    reraise(exc, self.backend)
  File "D:\Anaconda3\envs\web\lib\site-packages\django\template\backends\django.py", line 84, in reraise
    raise new from exc
django.template.exceptions.TemplateDoesNotExist: menu.html
ERROR 2022-05-03 13:43:07,675 basehttp 154 "GET /myapp/users/6/del/ HTTP/1.1" 500 160603
INFO 2022-05-03 13:43:37,870 basehttp 154 "GET /myapp/users/6/del/ HTTP/1.1" 200 2307
INFO 2022-05-03 13:43:42,013 basehttp 154 "GET /myapp/users/ HTTP/1.1" 200 7204
INFO 2022-05-03 13:43:51,913 basehttp 154 "GET /myapp/users/4/del/ HTTP/1.1" 200 2307
INFO 2022-05-03 13:43:54,125 basehttp 154 "GET /myapp/users/ HTTP/1.1" 200 6536
INFO 2022-05-03 13:44:12,030 autoreload 217 D:\pythonProject\LeetCode\Git\Web_Project\myweb\myapp\views.py changed, reloading.
INFO 2022-05-03 13:44:13,083 autoreload 597 Watching for file changes with StatReloader
INFO 2022-05-03 13:44:17,937 basehttp 154 "GET /myapp/users/modelform/add HTTP/1.1" 200 7054
INFO 2022-05-03 13:44:33,257 basehttp 154 "POST /myapp/users/modelform/add HTTP/1.1" 200 7146
INFO 2022-05-03 13:44:35,403 basehttp 154 "POST /myapp/users/modelform/add HTTP/1.1" 302 0
INFO 2022-05-03 13:44:35,415 basehttp 154 "GET /myapp/users/ HTTP/1.1" 200 7214
INFO 2022-05-03 13:44:38,456 basehttp 154 "GET /myapp/users/7/del/ HTTP/1.1" 302 0
INFO 2022-05-03 13:44:38,467 basehttp 154 "GET /myapp/users/ HTTP/1.1" 200 6536
INFO 2022-05-03 13:47:51,282 basehttp 154 "GET /myapp/login HTTP/1.1" 301 0
INFO 2022-05-03 13:47:51,288 basehttp 154 "GET /myapp/login/ HTTP/1.1" 200 2076
INFO 2022-05-03 13:47:51,307 basehttp 154 "GET /static/css/login_styles.css HTTP/1.1" 200 2762
INFO 2022-05-03 13:48:04,077 basehttp 154 "POST /myapp/login/ HTTP/1.1" 302 0
INFO 2022-05-03 13:48:04,091 basehttp 154 "GET /myapp/users/ HTTP/1.1" 200 6536
INFO 2022-05-03 13:53:04,321 autoreload 217 D:\pythonProject\LeetCode\Git\Web_Project\myweb\myapp\urls.py changed, reloading.
INFO 2022-05-03 13:53:05,510 autoreload 597 Watching for file changes with StatReloader
INFO 2022-05-03 13:53:31,722 autoreload 217 D:\pythonProject\LeetCode\Git\Web_Project\myweb\myapp\views.py changed, reloading.
INFO 2022-05-03 13:53:32,793 autoreload 597 Watching for file changes with StatReloader
INFO 2022-05-03 13:53:38,770 basehttp 154 "GET /myapp/info HTTP/1.1" 301 0
INFO 2022-05-03 13:53:38,784 basehttp 154 "GET /myapp/info/ HTTP/1.1" 200 1406
INFO 2022-05-03 13:53:38,797 basehttp 154 "GET /static/css/info_style.css HTTP/1.1" 200 6462
INFO 2022-05-03 13:53:38,797 basehttp 154 "GET /static/css/font-awesome.min.css HTTP/1.1" 200 31000
INFO 2022-05-03 13:53:38,920 basehttp 154 "GET /static/fonts/fontawesome-webfont.woff2?v=4.7.0 HTTP/1.1" 200 71896
INFO 2022-05-03 13:58:31,593 basehttp 154 "GET /myapp/info/ HTTP/1.1" 200 1163
INFO 2022-05-03 13:58:31,609 basehttp 154 "GET /static/css/font-awesome.min.css HTTP/1.1" 304 0
INFO 2022-05-03 13:58:44,208 basehttp 154 "GET /myapp/users/ HTTP/1.1" 200 6536
INFO 2022-05-03 13:58:51,287 basehttp 154 "GET /myapp/users/ HTTP/1.1" 200 6536
INFO 2022-05-03 14:01:37,198 autoreload 217 D:\pythonProject\LeetCode\Git\Web_Project\myweb\myapp\views.py changed, reloading.
INFO 2022-05-03 14:01:38,370 autoreload 597 Watching for file changes with StatReloader
INFO 2022-05-03 14:01:48,643 autoreload 217 D:\pythonProject\LeetCode\Git\Web_Project\myweb\myapp\views.py changed, reloading.
INFO 2022-05-03 14:01:49,713 autoreload 597 Watching for file changes with StatReloader
INFO 2022-05-03 14:01:57,432 autoreload 217 D:\pythonProject\LeetCode\Git\Web_Project\myweb\myapp\urls.py changed, reloading.
INFO 2022-05-03 14:01:58,416 autoreload 597 Watching for file changes with StatReloader
INFO 2022-05-03 14:02:57,871 autoreload 217 D:\pythonProject\LeetCode\Git\Web_Project\myweb\myapp\urls.py changed, reloading.
INFO 2022-05-03 14:02:58,954 autoreload 597 Watching for file changes with StatReloader
INFO 2022-05-03 14:03:22,755 autoreload 217 D:\pythonProject\LeetCode\Git\Web_Project\myweb\myapp\views.py changed, reloading.
INFO 2022-05-03 14:03:23,767 autoreload 597 Watching for file changes with StatReloader
INFO 2022-05-03 14:04:15,262 basehttp 154 "GET /myapp/users/ HTTP/1.1" 200 6549
INFO 2022-05-03 14:04:17,420 basehttp 154 "GET /myapp/users/ HTTP/1.1" 200 6549
ERROR 2022-05-03 14:04:18,763 log 222 Internal Server Error: /myapp/depart/
Traceback (most recent call last):
  File "D:\Anaconda3\envs\web\lib\site-packages\django\core\handlers\exception.py", line 34, in inner
    response = get_response(request)
  File "D:\Anaconda3\envs\web\lib\site-packages\django\core\handlers\base.py", line 115, in _get_response
    response = self.process_exception_by_middleware(e, request)
  File "D:\Anaconda3\envs\web\lib\site-packages\django\core\handlers\base.py", line 113, in _get_response
    response = wrapped_callback(request, *callback_args, **callback_kwargs)
  File "D:\pythonProject\LeetCode\Git\Web_Project\myweb\myapp\views.py", line 317, in departIndex
    return render(request, "depart_list.html", context)
  File "D:\Anaconda3\envs\web\lib\site-packages\django\shortcuts.py", line 36, in render
    content = loader.render_to_string(template_name, context, request, using=using)
  File "D:\Anaconda3\envs\web\lib\site-packages\django\template\loader.py", line 62, in render_to_string
    return template.render(context, request)
  File "D:\Anaconda3\envs\web\lib\site-packages\django\template\backends\django.py", line 61, in render
    return self.template.render(context)
  File "D:\Anaconda3\envs\web\lib\site-packages\django\template\base.py", line 171, in render
    return self._render(context)
  File "D:\Anaconda3\envs\web\lib\site-packages\django\template\base.py", line 163, in _render
    return self.nodelist.render(context)
  File "D:\Anaconda3\envs\web\lib\site-packages\django\template\base.py", line 937, in render
    bit = node.render_annotated(context)
  File "D:\Anaconda3\envs\web\lib\site-packages\django\template\base.py", line 904, in render_annotated
    return self.render(context)
  File "D:\Anaconda3\envs\web\lib\site-packages\django\template\loader_tags.py", line 150, in render
    return compiled_parent._render(context)
  File "D:\Anaconda3\envs\web\lib\site-packages\django\template\base.py", line 163, in _render
    return self.nodelist.render(context)
  File "D:\Anaconda3\envs\web\lib\site-packages\django\template\base.py", line 937, in render
    bit = node.render_annotated(context)
  File "D:\Anaconda3\envs\web\lib\site-packages\django\template\base.py", line 904, in render_annotated
    return self.render(context)
  File "D:\Anaconda3\envs\web\lib\site-packages\django\template\loader_tags.py", line 62, in render
    result = block.nodelist.render(context)
  File "D:\Anaconda3\envs\web\lib\site-packages\django\template\base.py", line 937, in render
    bit = node.render_annotated(context)
  File "D:\Anaconda3\envs\web\lib\site-packages\django\template\base.py", line 904, in render_annotated
    return self.render(context)
  File "D:\Anaconda3\envs\web\lib\site-packages\django\template\defaulttags.py", line 209, in render
    nodelist.append(node.render_annotated(context))
  File "D:\Anaconda3\envs\web\lib\site-packages\django\template\base.py", line 904, in render_annotated
    return self.render(context)
  File "D:\Anaconda3\envs\web\lib\site-packages\django\template\defaulttags.py", line 443, in render
    url = reverse(view_name, args=args, kwargs=kwargs, current_app=current_app)
  File "D:\Anaconda3\envs\web\lib\site-packages\django\urls\base.py", line 90, in reverse
    return iri_to_uri(resolver._reverse_with_prefix(view, prefix, *args, **kwargs))
  File "D:\Anaconda3\envs\web\lib\site-packages\django\urls\resolvers.py", line 673, in _reverse_with_prefix
    raise NoReverseMatch(msg)
django.urls.exceptions.NoReverseMatch: Reverse for 'editdepart_by_ModelForm' not found. 'editdepart_by_ModelForm' is not a valid view function or pattern name.
ERROR 2022-05-03 14:04:18,767 basehttp 154 "GET /myapp/depart/ HTTP/1.1" 500 167626
INFO 2022-05-03 14:05:24,689 autoreload 217 D:\pythonProject\LeetCode\Git\Web_Project\myweb\myapp\views.py changed, reloading.
INFO 2022-05-03 14:05:25,871 autoreload 597 Watching for file changes with StatReloader
INFO 2022-05-03 14:05:40,957 autoreload 217 D:\pythonProject\LeetCode\Git\Web_Project\myweb\myapp\urls.py changed, reloading.
INFO 2022-05-03 14:05:42,052 autoreload 597 Watching for file changes with StatReloader
INFO 2022-05-03 14:06:11,902 autoreload 217 D:\pythonProject\LeetCode\Git\Web_Project\myweb\myapp\views.py changed, reloading.
INFO 2022-05-03 14:06:12,918 autoreload 597 Watching for file changes with StatReloader
INFO 2022-05-03 14:06:19,381 autoreload 217 D:\pythonProject\LeetCode\Git\Web_Project\myweb\myapp\views.py changed, reloading.
INFO 2022-05-03 14:06:20,442 autoreload 597 Watching for file changes with StatReloader
INFO 2022-05-03 14:06:21,972 autoreload 217 D:\pythonProject\LeetCode\Git\Web_Project\myweb\myapp\views.py changed, reloading.
INFO 2022-05-03 14:06:22,966 autoreload 597 Watching for file changes with StatReloader
INFO 2022-05-03 14:06:28,167 autoreload 217 D:\pythonProject\LeetCode\Git\Web_Project\myweb\myapp\views.py changed, reloading.
INFO 2022-05-03 14:06:29,166 autoreload 597 Watching for file changes with StatReloader
INFO 2022-05-03 14:07:00,081 autoreload 217 D:\pythonProject\LeetCode\Git\Web_Project\myweb\myapp\views.py changed, reloading.
INFO 2022-05-03 14:07:01,070 autoreload 597 Watching for file changes with StatReloader
INFO 2022-05-03 14:07:54,112 autoreload 217 D:\pythonProject\LeetCode\Git\Web_Project\myweb\myapp\urls.py changed, reloading.
INFO 2022-05-03 14:07:55,145 autoreload 597 Watching for file changes with StatReloader
INFO 2022-05-03 14:07:57,071 basehttp 154 "GET /myapp/depart/ HTTP/1.1" 200 4716
INFO 2022-05-03 14:09:37,829 basehttp 154 "GET /myapp/depart/ HTTP/1.1" 200 4752
INFO 2022-05-03 14:10:24,069 basehttp 154 "GET /myapp/depart/ HTTP/1.1" 200 4818
INFO 2022-05-03 14:10:48,272 basehttp 154 "GET /myapp/depart/ HTTP/1.1" 200 4884
INFO 2022-05-03 14:11:03,489 basehttp 154 "GET /myapp/depart/ HTTP/1.1" 200 4884
INFO 2022-05-03 14:11:09,622 basehttp 154 "GET /myapp/users/modelform/add HTTP/1.1" 200 7067
INFO 2022-05-03 14:11:16,059 basehttp 154 "GET /myapp/depart/ HTTP/1.1" 200 4884
INFO 2022-05-03 14:11:16,938 basehttp 154 "GET /myapp/users/ HTTP/1.1" 200 6549
INFO 2022-05-03 14:11:19,368 basehttp 154 "GET /myapp/depart/ HTTP/1.1" 200 4884
INFO 2022-05-03 14:11:20,339 basehttp 154 "GET /myapp/users/ HTTP/1.1" 200 6549
INFO 2022-05-03 14:11:49,941 basehttp 154 "GET /myapp/users/ HTTP/1.1" 200 6555
INFO 2022-05-03 14:11:51,273 basehttp 154 "GET /myapp/login/ HTTP/1.1" 200 2076
INFO 2022-05-03 14:12:27,960 basehttp 154 "GET /myapp/login/ HTTP/1.1" 200 2076
INFO 2022-05-03 14:16:19,627 basehttp 154 "POST /myapp/login/ HTTP/1.1" 200 2113
INFO 2022-05-03 14:16:27,802 basehttp 154 "POST /myapp/login/ HTTP/1.1" 302 0
INFO 2022-05-03 14:16:27,814 basehttp 154 "GET /myapp/users/ HTTP/1.1" 200 6567
INFO 2022-05-03 14:16:35,265 basehttp 154 "GET /myapp/users/modelform/add HTTP/1.1" 200 7085
INFO 2022-05-03 14:16:38,139 basehttp 154 "POST /myapp/users/modelform/add HTTP/1.1" 200 7256
INFO 2022-05-03 14:16:57,985 basehttp 154 "POST /myapp/users/modelform/add HTTP/1.1" 302 0
INFO 2022-05-03 14:16:57,997 basehttp 154 "GET /myapp/users/ HTTP/1.1" 200 7230
ERROR 2022-05-03 14:17:04,342 log 222 Internal Server Error: /myapp/users/5/del/
Traceback (most recent call last):
  File "D:\Anaconda3\envs\web\lib\site-packages\django\core\handlers\exception.py", line 34, in inner
    response = get_response(request)
  File "D:\Anaconda3\envs\web\lib\site-packages\django\core\handlers\base.py", line 115, in _get_response
    response = self.process_exception_by_middleware(e, request)
  File "D:\Anaconda3\envs\web\lib\site-packages\django\core\handlers\base.py", line 113, in _get_response
    response = wrapped_callback(request, *callback_args, **callback_kwargs)
TypeError: delUsers() got an unexpected keyword argument 'uid'
ERROR 2022-05-03 14:17:04,343 basehttp 154 "GET /myapp/users/5/del/ HTTP/1.1" 500 65677
INFO 2022-05-03 14:17:19,528 basehttp 154 "GET /myapp/depart/ HTTP/1.1" 200 4902
INFO 2022-05-03 14:17:33,005 basehttp 154 "GET /myapp/login/ HTTP/1.1" 200 2076
INFO 2022-05-03 14:18:06,554 autoreload 597 Watching for file changes with StatReloader
INFO 2022-05-03 14:18:12,580 basehttp 154 "GET /myapp/info/ HTTP/1.1" 200 1157
INFO 2022-05-03 14:18:12,590 basehttp 154 "GET /static/css/font-awesome.min.css HTTP/1.1" 304 0
INFO 2022-05-03 14:18:16,583 basehttp 154 "GET /myapp/users/ HTTP/1.1" 200 7230
INFO 2022-05-03 15:29:40,040 autoreload 597 Watching for file changes with StatReloader
ERROR 2022-05-03 15:29:45,511 log 222 Internal Server Error: /myapp/users/8/del/
Traceback (most recent call last):
  File "D:\Anaconda3\envs\web\lib\site-packages\django\core\handlers\exception.py", line 34, in inner
    response = get_response(request)
  File "D:\Anaconda3\envs\web\lib\site-packages\django\core\handlers\base.py", line 115, in _get_response
    response = self.process_exception_by_middleware(e, request)
  File "D:\Anaconda3\envs\web\lib\site-packages\django\core\handlers\base.py", line 113, in _get_response
    response = wrapped_callback(request, *callback_args, **callback_kwargs)
TypeError: delUsers() got an unexpected keyword argument 'uid'
ERROR 2022-05-03 15:29:45,513 basehttp 154 "GET /myapp/users/8/del/ HTTP/1.1" 500 65677
INFO 2022-05-03 15:30:06,173 basehttp 154 "GET /myapp/users/ HTTP/1.1" 200 7230
INFO 2022-05-03 15:30:24,974 autoreload 217 D:\pythonProject\LeetCode\Git\Web_Project\myweb\myapp\views.py changed, reloading.
INFO 2022-05-03 15:30:27,142 autoreload 597 Watching for file changes with StatReloader
INFO 2022-05-03 15:30:33,509 basehttp 154 "GET /myapp/users/5/del/ HTTP/1.1" 302 0
INFO 2022-05-03 15:30:33,551 basehttp 154 "GET /myapp/users/ HTTP/1.1" 200 6555
INFO 2022-05-03 15:30:36,721 basehttp 154 "GET /myapp/depart/ HTTP/1.1" 200 4902
INFO 2022-05-03 15:37:13,829 autoreload 217 D:\pythonProject\LeetCode\Git\Web_Project\myweb\myapp\views.py changed, reloading.
INFO 2022-05-03 15:37:14,901 autoreload 597 Watching for file changes with StatReloader
INFO 2022-05-03 15:43:48,378 autoreload 597 Watching for file changes with StatReloader
ERROR 2022-05-03 15:43:48,546 log 222 Internal Server Error: /myapp/depart/modelform/edit/1
Traceback (most recent call last):
  File "D:\Anaconda3\envs\web\lib\site-packages\django\core\handlers\exception.py", line 34, in inner
    response = get_response(request)
  File "D:\Anaconda3\envs\web\lib\site-packages\django\core\handlers\base.py", line 115, in _get_response
    response = self.process_exception_by_middleware(e, request)
  File "D:\Anaconda3\envs\web\lib\site-packages\django\core\handlers\base.py", line 113, in _get_response
    response = wrapped_callback(request, *callback_args, **callback_kwargs)
TypeError: depart_model_form_edit() got an unexpected keyword argument 'uid'
ERROR 2022-05-03 15:43:48,548 basehttp 154 "GET /myapp/depart/modelform/edit/1 HTTP/1.1" 500 65986
INFO 2022-05-03 15:44:14,545 autoreload 217 D:\pythonProject\LeetCode\Git\Web_Project\myweb\myapp\urls.py changed, reloading.
INFO 2022-05-03 15:44:15,625 autoreload 597 Watching for file changes with StatReloader
ERROR 2022-05-03 15:44:17,954 log 222 Internal Server Error: /myapp/depart/modelform/edit/1
Traceback (most recent call last):
  File "D:\Anaconda3\envs\web\lib\site-packages\django\core\handlers\exception.py", line 34, in inner
    response = get_response(request)
  File "D:\Anaconda3\envs\web\lib\site-packages\django\core\handlers\base.py", line 115, in _get_response
    response = self.process_exception_by_middleware(e, request)
  File "D:\Anaconda3\envs\web\lib\site-packages\django\core\handlers\base.py", line 113, in _get_response
    response = wrapped_callback(request, *callback_args, **callback_kwargs)
TypeError: depart_model_form_edit() got an unexpected keyword argument 'did'
ERROR 2022-05-03 15:44:17,955 basehttp 154 "GET /myapp/depart/modelform/edit/1 HTTP/1.1" 500 66115
ERROR 2022-05-03 15:44:20,792 log 222 Internal Server Error: /myapp/depart/modelform/edit/1
Traceback (most recent call last):
  File "D:\Anaconda3\envs\web\lib\site-packages\django\core\handlers\exception.py", line 34, in inner
    response = get_response(request)
  File "D:\Anaconda3\envs\web\lib\site-packages\django\core\handlers\base.py", line 115, in _get_response
    response = self.process_exception_by_middleware(e, request)
  File "D:\Anaconda3\envs\web\lib\site-packages\django\core\handlers\base.py", line 113, in _get_response
    response = wrapped_callback(request, *callback_args, **callback_kwargs)
TypeError: depart_model_form_edit() got an unexpected keyword argument 'did'
ERROR 2022-05-03 15:44:20,792 basehttp 154 "GET /myapp/depart/modelform/edit/1 HTTP/1.1" 500 65980
INFO 2022-05-03 15:45:40,355 autoreload 217 D:\pythonProject\LeetCode\Git\Web_Project\myweb\myapp\views.py changed, reloading.
INFO 2022-05-03 15:45:41,440 autoreload 597 Watching for file changes with StatReloader
INFO 2022-05-03 15:46:13,586 autoreload 217 D:\pythonProject\LeetCode\Git\Web_Project\myweb\myapp\urls.py changed, reloading.
INFO 2022-05-03 15:46:14,652 autoreload 597 Watching for file changes with StatReloader
INFO 2022-05-03 15:46:19,856 autoreload 217 D:\pythonProject\LeetCode\Git\Web_Project\myweb\myapp\urls.py changed, reloading.
INFO 2022-05-03 15:46:20,881 autoreload 597 Watching for file changes with StatReloader
ERROR 2022-05-03 15:46:21,802 log 222 Internal Server Error: /myapp/depart/modelform/edit/1
Traceback (most recent call last):
  File "D:\Anaconda3\envs\web\lib\site-packages\django\core\handlers\exception.py", line 34, in inner
    response = get_response(request)
  File "D:\Anaconda3\envs\web\lib\site-packages\django\core\handlers\base.py", line 124, in _get_response
    raise ValueError(
ValueError: The view myapp.views.depart_model_form_edit didn't return an HttpResponse object. It returned None instead.
ERROR 2022-05-03 15:46:21,803 basehttp 154 "GET /myapp/depart/modelform/edit/1 HTTP/1.1" 500 60679
INFO 2022-05-03 15:46:40,822 autoreload 217 D:\pythonProject\LeetCode\Git\Web_Project\myweb\myapp\views.py changed, reloading.
INFO 2022-05-03 15:46:41,861 autoreload 597 Watching for file changes with StatReloader
INFO 2022-05-03 15:46:42,929 basehttp 154 "GET /myapp/depart/modelform/edit/1 HTTP/1.1" 302 0
INFO 2022-05-03 15:46:42,947 basehttp 154 "GET /myapp/depart/ HTTP/1.1" 200 4899
INFO 2022-05-03 15:46:44,497 basehttp 154 "GET /myapp/depart/modelform/edit/1 HTTP/1.1" 302 0
INFO 2022-05-03 15:46:44,506 basehttp 154 "GET /myapp/depart/ HTTP/1.1" 200 4899
INFO 2022-05-03 15:46:45,890 basehttp 154 "GET /myapp/depart/modelform/edit/1 HTTP/1.1" 302 0
INFO 2022-05-03 15:46:45,899 basehttp 154 "GET /myapp/depart/ HTTP/1.1" 200 4899
INFO 2022-05-03 15:46:51,984 basehttp 154 "GET /myapp/users/modelform/add HTTP/1.1" 200 7085
INFO 2022-05-03 15:47:16,170 basehttp 154 "GET /myapp/users/modelform/add HTTP/1.1" 200 7085
INFO 2022-05-03 15:48:16,209 basehttp 154 "GET /myapp/users/modelform/add HTTP/1.1" 200 7085
INFO 2022-05-03 15:50:10,600 basehttp 154 "GET /myapp/users/modelform/add HTTP/1.1" 200 7085
INFO 2022-05-03 15:50:13,624 basehttp 154 "GET /myapp/depart/ HTTP/1.1" 200 4900
INFO 2022-05-03 15:50:14,242 basehttp 154 "GET /myapp/depart/modelform/add HTTP/1.1" 200 3413
INFO 2022-05-03 15:50:18,070 basehttp 154 "GET /myapp/depart/modelform/add HTTP/1.1" 200 3413
INFO 2022-05-03 15:50:53,877 basehttp 154 "GET /myapp/depart/modelform/add HTTP/1.1" 200 3440
INFO 2022-05-03 15:51:18,583 autoreload 217 D:\pythonProject\LeetCode\Git\Web_Project\myweb\myapp\models.py changed, reloading.
INFO 2022-05-03 15:51:19,619 autoreload 597 Watching for file changes with StatReloader
INFO 2022-05-03 15:51:20,220 basehttp 154 "GET /myapp/depart/modelform/add HTTP/1.1" 200 3452
INFO 2022-05-03 15:51:43,316 autoreload 217 D:\pythonProject\LeetCode\Git\Web_Project\myweb\myapp\urls.py changed, reloading.
INFO 2022-05-03 15:51:44,367 autoreload 597 Watching for file changes with StatReloader
INFO 2022-05-03 15:52:36,935 basehttp 154 "GET /myapp/depart/modelform/add HTTP/1.1" 200 3433
INFO 2022-05-03 15:52:37,755 basehttp 154 "POST /myapp/depart/modelform/add HTTP/1.1" 200 3460
INFO 2022-05-03 15:52:44,781 basehttp 154 "POST /myapp/depart/modelform/add HTTP/1.1" 302 0
INFO 2022-05-03 15:52:44,795 basehttp 154 "GET /myapp/depart/ HTTP/1.1" 200 5383
INFO 2022-05-03 15:52:48,812 basehttp 154 "GET /myapp/users/ HTTP/1.1" 200 6555
INFO 2022-05-03 15:52:51,179 basehttp 154 "GET /myapp/users/modelform/add HTTP/1.1" 200 7128
INFO 2022-05-03 15:52:56,924 basehttp 154 "GET /myapp/depart/ HTTP/1.1" 200 5383
INFO 2022-05-03 15:52:57,349 basehttp 154 "GET /myapp/depart/ HTTP/1.1" 200 5383
INFO 2022-05-03 20:01:41,587 autoreload 597 Watching for file changes with StatReloader
INFO 2022-05-03 20:01:47,997 basehttp 154 "GET /myapp/users/ HTTP/1.1" 200 2247
WARNING 2022-05-03 20:01:48,030 log 222 Not Found: /favicon.ico
WARNING 2022-05-03 20:01:48,030 basehttp 154 "GET /favicon.ico HTTP/1.1" 404 2077
INFO 2022-05-03 20:01:50,971 basehttp 154 "GET /myapp/users/ HTTP/1.1" 200 2247
INFO 2022-05-03 20:01:52,480 basehttp 154 "GET /myapp/depart/ HTTP/1.1" 200 2247
INFO 2022-05-03 20:02:08,007 basehttp 154 "GET /myapp/users/ HTTP/1.1" 200 2247
INFO 2022-05-03 20:02:11,793 basehttp 154 "GET /myapp/depart/ HTTP/1.1" 200 2247
INFO 2022-05-03 20:02:22,301 autoreload 597 Watching for file changes with StatReloader
INFO 2022-05-03 20:02:30,158 basehttp 154 "GET /myapp/depart/ HTTP/1.1" 200 2247
INFO 2022-05-03 20:02:31,390 basehttp 154 "GET /myapp/users/ HTTP/1.1" 200 2247
INFO 2022-05-03 20:02:33,949 basehttp 154 "GET /myapp/login/ HTTP/1.1" 200 2076
INFO 2022-05-03 20:02:38,711 basehttp 154 "POST /myapp/login/ HTTP/1.1" 302 0
INFO 2022-05-03 20:02:38,719 basehttp 154 "GET /myapp/users/ HTTP/1.1" 200 2247
INFO 2022-05-03 20:04:00,386 basehttp 154 "GET /myapp/users/ HTTP/1.1" 200 2247
INFO 2022-05-03 20:04:02,353 basehttp 154 "GET /myapp/users/ HTTP/1.1" 200 2247
INFO 2022-05-03 20:05:01,096 basehttp 154 "GET /myapp/users/ HTTP/1.1" 200 6593
INFO 2022-05-03 20:05:05,933 basehttp 154 "GET /myapp/users/modelform/add HTTP/1.1" 200 7675
INFO 2022-05-03 20:05:05,946 basehttp 154 "GET /static/css/bootstrap-datetimepicker.min.css HTTP/1.1" 200 11276
INFO 2022-05-03 20:05:05,946 basehttp 154 "GET /static/js/moment.min.js HTTP/1.1" 200 51190
INFO 2022-05-03 20:05:05,950 basehttp 154 "GET /static/js/bootstrap-datetimepicker.min.js HTTP/1.1" 200 39213
INFO 2022-05-03 20:06:12,144 basehttp 154 "GET /myapp/users/modelform/add HTTP/1.1" 200 8304
ERROR 2022-05-03 20:13:52,626 log 222 Internal Server Error: /myapp/users/modelform/add
Traceback (most recent call last):
  File "D:\Anaconda3\envs\web\lib\site-packages\django\template\base.py", line 470, in parse
    compile_func = self.tags[command]
KeyError: 'static'

During handling of the above exception, another exception occurred:

Traceback (most recent call last):
  File "D:\Anaconda3\envs\web\lib\site-packages\django\core\handlers\exception.py", line 34, in inner
    response = get_response(request)
  File "D:\Anaconda3\envs\web\lib\site-packages\django\core\handlers\base.py", line 115, in _get_response
    response = self.process_exception_by_middleware(e, request)
  File "D:\Anaconda3\envs\web\lib\site-packages\django\core\handlers\base.py", line 113, in _get_response
    response = wrapped_callback(request, *callback_args, **callback_kwargs)
  File "D:\pythonProject\LeetCode\Git\Web_Project\myweb\myapp\views.py", line 273, in user_model_form_add
    return render(request, 'user_model_form_add.html', context)
  File "D:\Anaconda3\envs\web\lib\site-packages\django\shortcuts.py", line 36, in render
    content = loader.render_to_string(template_name, context, request, using=using)
  File "D:\Anaconda3\envs\web\lib\site-packages\django\template\loader.py", line 61, in render_to_string
    template = get_template(template_name, using=using)
  File "D:\Anaconda3\envs\web\lib\site-packages\django\template\loader.py", line 15, in get_template
    return engine.get_template(template_name)
  File "D:\Anaconda3\envs\web\lib\site-packages\django\template\backends\django.py", line 34, in get_template
    return Template(self.engine.get_template(template_name), self)
  File "D:\Anaconda3\envs\web\lib\site-packages\django\template\engine.py", line 143, in get_template
    template, origin = self.find_template(template_name)
  File "D:\Anaconda3\envs\web\lib\site-packages\django\template\engine.py", line 125, in find_template
    template = loader.get_template(name, skip=skip)
  File "D:\Anaconda3\envs\web\lib\site-packages\django\template\loaders\base.py", line 29, in get_template
    return Template(
  File "D:\Anaconda3\envs\web\lib\site-packages\django\template\base.py", line 156, in __init__
    self.nodelist = self.compile_nodelist()
  File "D:\Anaconda3\envs\web\lib\site-packages\django\template\base.py", line 194, in compile_nodelist
    return parser.parse()
  File "D:\Anaconda3\envs\web\lib\site-packages\django\template\base.py", line 478, in parse
    raise self.error(token, e)
  File "D:\Anaconda3\envs\web\lib\site-packages\django\template\base.py", line 476, in parse
    compiled_result = compile_func(self, token)
  File "D:\Anaconda3\envs\web\lib\site-packages\django\template\loader_tags.py", line 266, in do_extends
    nodelist = parser.parse()
  File "D:\Anaconda3\envs\web\lib\site-packages\django\template\base.py", line 478, in parse
    raise self.error(token, e)
  File "D:\Anaconda3\envs\web\lib\site-packages\django\template\base.py", line 476, in parse
    compiled_result = compile_func(self, token)
  File "D:\Anaconda3\envs\web\lib\site-packages\django\template\loader_tags.py", line 209, in do_block
    nodelist = parser.parse(('endblock',))
  File "D:\Anaconda3\envs\web\lib\site-packages\django\template\base.py", line 472, in parse
    self.invalid_block_tag(token, command, parse_until)
  File "D:\Anaconda3\envs\web\lib\site-packages\django\template\base.py", line 522, in invalid_block_tag
    raise self.error(
django.template.exceptions.TemplateSyntaxError: Invalid block tag on line 4: 'static', expected 'endblock'. Did you forget to register or load this tag?
ERROR 2022-05-03 20:13:52,629 basehttp 154 "GET /myapp/users/modelform/add HTTP/1.1" 500 165718
WARNING 2022-05-03 20:16:14,915 log 222 Not Found: /myapp/users/modelform
WARNING 2022-05-03 20:16:14,916 basehttp 154 "GET /myapp/users/modelform HTTP/1.1" 404 5212
INFO 2022-05-03 20:16:22,179 basehttp 154 "GET /myapp/users/ HTTP/1.1" 200 6593
ERROR 2022-05-03 20:16:23,518 log 222 Internal Server Error: /myapp/users/modelform/add
Traceback (most recent call last):
  File "D:\Anaconda3\envs\web\lib\site-packages\django\template\base.py", line 470, in parse
    compile_func = self.tags[command]
KeyError: 'static'

During handling of the above exception, another exception occurred:

Traceback (most recent call last):
  File "D:\Anaconda3\envs\web\lib\site-packages\django\core\handlers\exception.py", line 34, in inner
    response = get_response(request)
  File "D:\Anaconda3\envs\web\lib\site-packages\django\core\handlers\base.py", line 115, in _get_response
    response = self.process_exception_by_middleware(e, request)
  File "D:\Anaconda3\envs\web\lib\site-packages\django\core\handlers\base.py", line 113, in _get_response
    response = wrapped_callback(request, *callback_args, **callback_kwargs)
  File "D:\pythonProject\LeetCode\Git\Web_Project\myweb\myapp\views.py", line 273, in user_model_form_add
    return render(request, 'user_model_form_add.html', context)
  File "D:\Anaconda3\envs\web\lib\site-packages\django\shortcuts.py", line 36, in render
    content = loader.render_to_string(template_name, context, request, using=using)
  File "D:\Anaconda3\envs\web\lib\site-packages\django\template\loader.py", line 61, in render_to_string
    template = get_template(template_name, using=using)
  File "D:\Anaconda3\envs\web\lib\site-packages\django\template\loader.py", line 15, in get_template
    return engine.get_template(template_name)
  File "D:\Anaconda3\envs\web\lib\site-packages\django\template\backends\django.py", line 34, in get_template
    return Template(self.engine.get_template(template_name), self)
  File "D:\Anaconda3\envs\web\lib\site-packages\django\template\engine.py", line 143, in get_template
    template, origin = self.find_template(template_name)
  File "D:\Anaconda3\envs\web\lib\site-packages\django\template\engine.py", line 125, in find_template
    template = loader.get_template(name, skip=skip)
  File "D:\Anaconda3\envs\web\lib\site-packages\django\template\loaders\base.py", line 29, in get_template
    return Template(
  File "D:\Anaconda3\envs\web\lib\site-packages\django\template\base.py", line 156, in __init__
    self.nodelist = self.compile_nodelist()
  File "D:\Anaconda3\envs\web\lib\site-packages\django\template\base.py", line 194, in compile_nodelist
    return parser.parse()
  File "D:\Anaconda3\envs\web\lib\site-packages\django\template\base.py", line 478, in parse
    raise self.error(token, e)
  File "D:\Anaconda3\envs\web\lib\site-packages\django\template\base.py", line 476, in parse
    compiled_result = compile_func(self, token)
  File "D:\Anaconda3\envs\web\lib\site-packages\django\template\loader_tags.py", line 266, in do_extends
    nodelist = parser.parse()
  File "D:\Anaconda3\envs\web\lib\site-packages\django\template\base.py", line 478, in parse
    raise self.error(token, e)
  File "D:\Anaconda3\envs\web\lib\site-packages\django\template\base.py", line 476, in parse
    compiled_result = compile_func(self, token)
  File "D:\Anaconda3\envs\web\lib\site-packages\django\template\loader_tags.py", line 209, in do_block
    nodelist = parser.parse(('endblock',))
  File "D:\Anaconda3\envs\web\lib\site-packages\django\template\base.py", line 472, in parse
    self.invalid_block_tag(token, command, parse_until)
  File "D:\Anaconda3\envs\web\lib\site-packages\django\template\base.py", line 522, in invalid_block_tag
    raise self.error(
django.template.exceptions.TemplateSyntaxError: Invalid block tag on line 4: 'static', expected 'endblock'. Did you forget to register or load this tag?
ERROR 2022-05-03 20:16:23,520 basehttp 154 "GET /myapp/users/modelform/add HTTP/1.1" 500 165583
ERROR 2022-05-03 20:18:36,914 log 222 Internal Server Error: /myapp/users/modelform/add
Traceback (most recent call last):
  File "D:\Anaconda3\envs\web\lib\site-packages\django\template\base.py", line 470, in parse
    compile_func = self.tags[command]
KeyError: 'static'

During handling of the above exception, another exception occurred:

Traceback (most recent call last):
  File "D:\Anaconda3\envs\web\lib\site-packages\django\core\handlers\exception.py", line 34, in inner
    response = get_response(request)
  File "D:\Anaconda3\envs\web\lib\site-packages\django\core\handlers\base.py", line 115, in _get_response
    response = self.process_exception_by_middleware(e, request)
  File "D:\Anaconda3\envs\web\lib\site-packages\django\core\handlers\base.py", line 113, in _get_response
    response = wrapped_callback(request, *callback_args, **callback_kwargs)
  File "D:\pythonProject\LeetCode\Git\Web_Project\myweb\myapp\views.py", line 273, in user_model_form_add
    return render(request, 'user_model_form_add.html', context)
  File "D:\Anaconda3\envs\web\lib\site-packages\django\shortcuts.py", line 36, in render
    content = loader.render_to_string(template_name, context, request, using=using)
  File "D:\Anaconda3\envs\web\lib\site-packages\django\template\loader.py", line 61, in render_to_string
    template = get_template(template_name, using=using)
  File "D:\Anaconda3\envs\web\lib\site-packages\django\template\loader.py", line 15, in get_template
    return engine.get_template(template_name)
  File "D:\Anaconda3\envs\web\lib\site-packages\django\template\backends\django.py", line 34, in get_template
    return Template(self.engine.get_template(template_name), self)
  File "D:\Anaconda3\envs\web\lib\site-packages\django\template\engine.py", line 143, in get_template
    template, origin = self.find_template(template_name)
  File "D:\Anaconda3\envs\web\lib\site-packages\django\template\engine.py", line 125, in find_template
    template = loader.get_template(name, skip=skip)
  File "D:\Anaconda3\envs\web\lib\site-packages\django\template\loaders\base.py", line 29, in get_template
    return Template(
  File "D:\Anaconda3\envs\web\lib\site-packages\django\template\base.py", line 156, in __init__
    self.nodelist = self.compile_nodelist()
  File "D:\Anaconda3\envs\web\lib\site-packages\django\template\base.py", line 194, in compile_nodelist
    return parser.parse()
  File "D:\Anaconda3\envs\web\lib\site-packages\django\template\base.py", line 478, in parse
    raise self.error(token, e)
  File "D:\Anaconda3\envs\web\lib\site-packages\django\template\base.py", line 476, in parse
    compiled_result = compile_func(self, token)
  File "D:\Anaconda3\envs\web\lib\site-packages\django\template\loader_tags.py", line 266, in do_extends
    nodelist = parser.parse()
  File "D:\Anaconda3\envs\web\lib\site-packages\django\template\base.py", line 478, in parse
    raise self.error(token, e)
  File "D:\Anaconda3\envs\web\lib\site-packages\django\template\base.py", line 476, in parse
    compiled_result = compile_func(self, token)
  File "D:\Anaconda3\envs\web\lib\site-packages\django\template\loader_tags.py", line 209, in do_block
    nodelist = parser.parse(('endblock',))
  File "D:\Anaconda3\envs\web\lib\site-packages\django\template\base.py", line 472, in parse
    self.invalid_block_tag(token, command, parse_until)
  File "D:\Anaconda3\envs\web\lib\site-packages\django\template\base.py", line 522, in invalid_block_tag
    raise self.error(
django.template.exceptions.TemplateSyntaxError: Invalid block tag on line 49: 'static', expected 'endblock'. Did you forget to register or load this tag?
ERROR 2022-05-03 20:18:36,915 basehttp 154 "GET /myapp/users/modelform/add HTTP/1.1" 500 166443
ERROR 2022-05-03 20:19:51,265 log 222 Internal Server Error: /myapp/users/modelform/add
Traceback (most recent call last):
  File "D:\Anaconda3\envs\web\lib\site-packages\django\core\handlers\exception.py", line 34, in inner
    response = get_response(request)
  File "D:\Anaconda3\envs\web\lib\site-packages\django\core\handlers\base.py", line 115, in _get_response
    response = self.process_exception_by_middleware(e, request)
  File "D:\Anaconda3\envs\web\lib\site-packages\django\core\handlers\base.py", line 113, in _get_response
    response = wrapped_callback(request, *callback_args, **callback_kwargs)
  File "D:\pythonProject\LeetCode\Git\Web_Project\myweb\myapp\views.py", line 273, in user_model_form_add
    return render(request, 'user_model_form_add.html', context)
  File "D:\Anaconda3\envs\web\lib\site-packages\django\shortcuts.py", line 36, in render
    content = loader.render_to_string(template_name, context, request, using=using)
  File "D:\Anaconda3\envs\web\lib\site-packages\django\template\loader.py", line 61, in render_to_string
    template = get_template(template_name, using=using)
  File "D:\Anaconda3\envs\web\lib\site-packages\django\template\loader.py", line 15, in get_template
    return engine.get_template(template_name)
  File "D:\Anaconda3\envs\web\lib\site-packages\django\template\backends\django.py", line 34, in get_template
    return Template(self.engine.get_template(template_name), self)
  File "D:\Anaconda3\envs\web\lib\site-packages\django\template\engine.py", line 143, in get_template
    template, origin = self.find_template(template_name)
  File "D:\Anaconda3\envs\web\lib\site-packages\django\template\engine.py", line 125, in find_template
    template = loader.get_template(name, skip=skip)
  File "D:\Anaconda3\envs\web\lib\site-packages\django\template\loaders\base.py", line 29, in get_template
    return Template(
  File "D:\Anaconda3\envs\web\lib\site-packages\django\template\base.py", line 156, in __init__
    self.nodelist = self.compile_nodelist()
  File "D:\Anaconda3\envs\web\lib\site-packages\django\template\base.py", line 194, in compile_nodelist
    return parser.parse()
  File "D:\Anaconda3\envs\web\lib\site-packages\django\template\base.py", line 479, in parse
    self.extend_nodelist(nodelist, compiled_result, token)
  File "D:\Anaconda3\envs\web\lib\site-packages\django\template\base.py", line 496, in extend_nodelist
    raise self.error(
django.template.exceptions.TemplateSyntaxError: <ExtendsNode: extends 'layout.html'> must be the first tag in the template.
ERROR 2022-05-03 20:19:51,267 basehttp 154 "GET /myapp/users/modelform/add HTTP/1.1" 500 131276
INFO 2022-05-03 20:20:06,931 basehttp 154 "GET /myapp/users/modelform/add HTTP/1.1" 200 9079
INFO 2022-05-03 20:20:06,946 basehttp 154 "GET /static/plugins/datetimepicker/bootstrap-datetimepicker.min.css HTTP/1.1" 200 11276
INFO 2022-05-03 20:20:06,947 basehttp 154 "GET /static/plugins/datetimepicker/moment.min.js HTTP/1.1" 200 51190
INFO 2022-05-03 20:20:06,950 basehttp 154 "GET /static/plugins/datetimepicker/bootstrap-datetimepicker.zh-CN.js HTTP/1.1" 200 813
INFO 2022-05-03 20:20:06,951 basehttp 154 "GET /static/plugins/datetimepicker/bootstrap-datetimepicker.min.js HTTP/1.1" 200 39213
INFO 2022-05-03 20:34:21,428 autoreload 217 D:\pythonProject\LeetCode\Git\Web_Project\myweb\myapp\views.py changed, reloading.
INFO 2022-05-03 20:34:22,483 autoreload 597 Watching for file changes with StatReloader
INFO 2022-05-03 20:36:46,152 basehttp 154 "GET /myapp/users/modelform/add HTTP/1.1" 200 9020
INFO 2022-05-03 20:39:10,729 basehttp 154 "GET /myapp/users/modelform/add HTTP/1.1" 200 8941
INFO 2022-05-03 20:42:10,777 autoreload 217 D:\pythonProject\LeetCode\Git\Web_Project\myweb\myapp\views.py changed, reloading.
INFO 2022-05-03 20:42:11,743 autoreload 597 Watching for file changes with StatReloader
INFO 2022-05-03 20:42:42,570 autoreload 217 D:\pythonProject\LeetCode\Git\Web_Project\myweb\myapp\views.py changed, reloading.
INFO 2022-05-03 20:42:43,603 autoreload 597 Watching for file changes with StatReloader
INFO 2022-05-03 20:42:51,124 basehttp 154 "POST /myapp/users/modelform/add HTTP/1.1" 200 9331
INFO 2022-05-03 20:42:51,140 basehttp 154 "GET /static/plugins/bootstrap-3.4.1/js/bootstrap.min.js HTTP/1.1" 304 0
INFO 2022-05-03 20:42:51,141 basehttp 154 "GET /static/plugins/bootstrap-3.4.1/css/bootstrap.min.css HTTP/1.1" 200 150394
INFO 2022-05-03 20:42:51,192 basehttp 154 "GET /static/plugins/bootstrap-3.4.1/fonts/glyphicons-halflings-regular.woff2 HTTP/1.1" 304 0
INFO 2022-05-03 20:43:09,617 basehttp 154 "POST /myapp/users/modelform/add HTTP/1.1" 200 9243
WARNING 2022-05-03 20:43:09,633 basehttp 154 "GET /static/js/jquery-3.6.0.min.js HTTP/1.1" 404 1690
INFO 2022-05-03 20:43:26,038 basehttp 154 "GET /myapp/users/ HTTP/1.1" 200 6593
WARNING 2022-05-03 20:43:26,052 basehttp 154 "GET /static/js/jquery-3.6.0.min.js HTTP/1.1" 404 1690
INFO 2022-05-03 20:44:00,829 autoreload 217 D:\pythonProject\LeetCode\Git\Web_Project\myweb\myapp\views.py changed, reloading.
INFO 2022-05-03 20:44:01,878 autoreload 597 Watching for file changes with StatReloader
INFO 2022-05-03 20:44:13,222 autoreload 217 D:\pythonProject\LeetCode\Git\Web_Project\myweb\myapp\views.py changed, reloading.
INFO 2022-05-03 20:44:14,294 autoreload 597 Watching for file changes with StatReloader
INFO 2022-05-03 20:46:09,942 autoreload 217 D:\pythonProject\LeetCode\Git\Web_Project\myweb\myapp\views.py changed, reloading.
INFO 2022-05-03 20:46:10,933 autoreload 597 Watching for file changes with StatReloader
INFO 2022-05-03 20:46:17,388 autoreload 217 D:\pythonProject\LeetCode\Git\Web_Project\myweb\myapp\views.py changed, reloading.
INFO 2022-05-03 20:46:18,374 autoreload 597 Watching for file changes with StatReloader
INFO 2022-05-03 20:46:21,162 autoreload 217 D:\pythonProject\LeetCode\Git\Web_Project\myweb\myapp\views.py changed, reloading.
INFO 2022-05-03 20:46:22,235 autoreload 597 Watching for file changes with StatReloader
INFO 2022-05-03 20:46:28,068 basehttp 154 "GET /myapp/users/modelform/add HTTP/1.1" 200 9196
INFO 2022-05-03 20:46:28,082 basehttp 154 "GET /static/plugins/bootstrap-3.4.1/css/bootstrap.min.css HTTP/1.1" 304 0
WARNING 2022-05-03 20:46:28,084 basehttp 154 "GET /static/js/jquery-3.6.0.min.js HTTP/1.1" 404 1690
INFO 2022-05-03 20:48:14,492 autoreload 217 D:\pythonProject\LeetCode\Git\Web_Project\myweb\myapp\views.py changed, reloading.
INFO 2022-05-03 20:48:15,489 autoreload 597 Watching for file changes with StatReloader
INFO 2022-05-03 20:48:17,954 basehttp 154 "GET /myapp/users/modelform/add HTTP/1.1" 200 7833
WARNING 2022-05-03 20:48:17,970 basehttp 154 "GET /static/js/jquery-3.6.0.min.js HTTP/1.1" 404 1690
INFO 2022-05-03 20:49:10,140 basehttp 154 "GET /myapp/users/modelform/add HTTP/1.1" 200 7869
INFO 2022-05-03 20:49:10,157 basehttp 154 "GET /static/plugins/bootstrap-3.4.1/css/bootstrap.min.css HTTP/1.1" 304 0
WARNING 2022-05-03 20:49:10,159 basehttp 154 "GET /static/js/jquery-3.6.0.min.js HTTP/1.1" 404 1690
INFO 2022-05-03 20:49:52,882 autoreload 217 D:\pythonProject\LeetCode\Git\Web_Project\myweb\myapp\views.py changed, reloading.
INFO 2022-05-03 20:49:53,945 autoreload 597 Watching for file changes with StatReloader
INFO 2022-05-03 20:49:58,063 basehttp 154 "GET /myapp/users/modelform/add HTTP/1.1" 200 7883
WARNING 2022-05-03 20:49:58,080 basehttp 154 "GET /static/js/jquery-3.6.0.min.js HTTP/1.1" 404 1690
INFO 2022-05-03 20:50:08,305 autoreload 217 D:\pythonProject\LeetCode\Git\Web_Project\myweb\myapp\views.py changed, reloading.
INFO 2022-05-03 20:50:09,399 autoreload 597 Watching for file changes with StatReloader
INFO 2022-05-03 20:50:15,321 basehttp 154 "GET /myapp/users/modelform/add HTTP/1.1" 200 7884
WARNING 2022-05-03 20:50:15,338 basehttp 154 "GET /static/js/jquery-3.6.0.min.js HTTP/1.1" 404 1690
INFO 2022-05-03 20:54:52,882 autoreload 217 D:\pythonProject\LeetCode\Git\Web_Project\myweb\myapp\views.py changed, reloading.
INFO 2022-05-03 20:54:53,923 autoreload 597 Watching for file changes with StatReloader
INFO 2022-05-03 20:54:55,814 basehttp 154 "GET /myapp/users/modelform/add HTTP/1.1" 200 7884
INFO 2022-05-03 20:54:55,831 basehttp 154 "GET /static/plugins/bootstrap-3.4.1/css/bootstrap.min.css HTTP/1.1" 304 0
WARNING 2022-05-03 20:54:55,833 basehttp 154 "GET /static/js/jquery-3.6.0.min.js HTTP/1.1" 404 1690
INFO 2022-05-03 20:55:25,145 autoreload 217 D:\pythonProject\LeetCode\Git\Web_Project\myweb\myapp\views.py changed, reloading.
INFO 2022-05-03 20:55:26,115 autoreload 597 Watching for file changes with StatReloader
INFO 2022-05-03 20:55:35,396 basehttp 154 "GET /myapp/users/modelform/add HTTP/1.1" 200 7884
WARNING 2022-05-03 20:55:35,412 basehttp 154 "GET /static/js/jquery-3.6.0.min.js HTTP/1.1" 404 1690
INFO 2022-05-03 20:56:08,194 basehttp 154 "GET /myapp/users/modelform/add HTTP/1.1" 200 8019
WARNING 2022-05-03 20:56:08,209 basehttp 154 "GET /static/js/jquery-3.6.0.min.js HTTP/1.1" 404 1690
INFO 2022-05-03 20:57:01,013 basehttp 154 "GET /myapp/users/modelform/add HTTP/1.1" 200 8007
WARNING 2022-05-03 20:57:01,028 basehttp 154 "GET /static/js/jquery-3.6.0.min.js HTTP/1.1" 404 1690
INFO 2022-05-03 20:57:50,501 basehttp 154 "GET /myapp/users/modelform/add HTTP/1.1" 200 7998
WARNING 2022-05-03 20:57:50,515 basehttp 154 "GET /static/js/jquery-3.6.0.min.js HTTP/1.1" 404 1690
INFO 2022-05-03 20:58:09,618 autoreload 217 D:\pythonProject\LeetCode\Git\Web_Project\myweb\myapp\views.py changed, reloading.
INFO 2022-05-03 20:58:10,715 autoreload 597 Watching for file changes with StatReloader
INFO 2022-05-03 20:58:11,118 basehttp 154 "GET /myapp/users/modelform/add HTTP/1.1" 200 7996
INFO 2022-05-03 20:58:11,133 basehttp 154 "GET /static/plugins/bootstrap-3.4.1/css/bootstrap.min.css HTTP/1.1" 304 0
WARNING 2022-05-03 20:58:11,135 basehttp 154 "GET /static/js/jquery-3.6.0.min.js HTTP/1.1" 404 1690
INFO 2022-05-03 20:58:16,073 autoreload 217 D:\pythonProject\LeetCode\Git\Web_Project\myweb\myapp\views.py changed, reloading.
INFO 2022-05-03 20:58:17,348 autoreload 597 Watching for file changes with StatReloader
INFO 2022-05-03 21:00:47,160 basehttp 154 "GET /myapp/users/modelform/add HTTP/1.1" 200 8221
WARNING 2022-05-03 21:00:47,176 basehttp 154 "GET /static/js/jquery-3.6.0.min.js HTTP/1.1" 404 1690
INFO 2022-05-03 21:01:29,224 basehttp 154 "GET /myapp/users/modelform/add HTTP/1.1" 200 8246
WARNING 2022-05-03 21:01:29,241 basehttp 154 "GET /static/js/jquery-3.6.0.min.js HTTP/1.1" 404 1690
INFO 2022-05-03 21:02:27,277 autoreload 597 Watching for file changes with StatReloader
INFO 2022-05-03 21:02:36,353 basehttp 154 "GET /myapp/users/modelform/add HTTP/1.1" 200 8246
INFO 2022-05-03 21:02:36,368 basehttp 154 "GET /static/plugins/bootstrap-3.4.1/css/bootstrap.min.css HTTP/1.1" 304 0
WARNING 2022-05-03 21:02:36,370 basehttp 154 "GET /static/js/jquery-3.6.0.min.js HTTP/1.1" 404 1690
INFO 2022-05-03 21:03:02,305 autoreload 217 D:\pythonProject\LeetCode\Git\Web_Project\myweb\myapp\views.py changed, reloading.
INFO 2022-05-03 21:03:03,329 autoreload 597 Watching for file changes with StatReloader
INFO 2022-05-03 21:03:08,642 autoreload 217 D:\pythonProject\LeetCode\Git\Web_Project\myweb\myapp\views.py changed, reloading.
INFO 2022-05-03 21:03:09,668 autoreload 597 Watching for file changes with StatReloader
INFO 2022-05-03 21:03:12,492 autoreload 217 D:\pythonProject\LeetCode\Git\Web_Project\myweb\myapp\views.py changed, reloading.
INFO 2022-05-03 21:03:13,546 autoreload 597 Watching for file changes with StatReloader
INFO 2022-05-03 21:03:19,659 basehttp 154 "GET /myapp/users/modelform/add HTTP/1.1" 200 8231
WARNING 2022-05-03 21:03:26,634 basehttp 154 "GET /static/js/jquery-3.6.0.min.js HTTP/1.1" 404 1690
INFO 2022-05-03 21:03:38,699 autoreload 217 D:\pythonProject\LeetCode\Git\Web_Project\myweb\myapp\views.py changed, reloading.
INFO 2022-05-03 21:03:39,801 autoreload 597 Watching for file changes with StatReloader
INFO 2022-05-03 21:04:49,876 autoreload 217 D:\pythonProject\LeetCode\Git\Web_Project\myweb\myapp\views.py changed, reloading.
INFO 2022-05-03 21:04:54,735 basehttp 154 "GET /myapp/users/modelform/add HTTP/1.1" 200 8237
INFO 2022-05-03 21:05:02,871 autoreload 597 Watching for file changes with StatReloader
INFO 2022-05-03 21:05:03,001 basehttp 154 "GET /static/js/jquery-3.6.0.min.js HTTP/1.1" 200 89501
INFO 2022-05-03 21:05:22,779 autoreload 217 D:\pythonProject\LeetCode\Git\Web_Project\myweb\myapp\views.py changed, reloading.
INFO 2022-05-03 21:05:23,758 autoreload 597 Watching for file changes with StatReloader
INFO 2022-05-03 21:10:05,029 autoreload 217 D:\pythonProject\LeetCode\Git\Web_Project\myweb\myapp\views.py changed, reloading.
INFO 2022-05-03 21:10:06,105 autoreload 597 Watching for file changes with StatReloader
INFO 2022-05-03 21:10:07,507 basehttp 154 "GET /myapp/users/modelform/add HTTP/1.1" 200 8225
INFO 2022-05-03 21:10:07,523 basehttp 154 "GET /static/plugins/bootstrap-3.4.1/css/bootstrap.min.css HTTP/1.1" 304 0
INFO 2022-05-03 21:10:27,584 basehttp 154 "GET /myapp/users/modelform/add HTTP/1.1" 200 8223
INFO 2022-05-03 21:11:02,042 autoreload 217 D:\pythonProject\LeetCode\Git\Web_Project\myweb\myapp\views.py changed, reloading.
INFO 2022-05-03 21:11:03,106 autoreload 597 Watching for file changes with StatReloader
INFO 2022-05-03 21:11:04,202 basehttp 154 "GET /myapp/users/modelform/add HTTP/1.1" 200 7895
INFO 2022-05-03 21:11:23,586 basehttp 154 "POST /myapp/users/modelform/add HTTP/1.1" 302 0
INFO 2022-05-03 21:11:23,599 basehttp 154 "GET /myapp/users/ HTTP/1.1" 200 7272
INFO 2022-05-03 21:11:33,685 basehttp 154 "GET /myapp/users/modelform/add HTTP/1.1" 200 7895
INFO 2022-05-03 21:11:45,486 basehttp 154 "POST /myapp/users/modelform/add HTTP/1.1" 200 8066
INFO 2022-05-03 21:11:51,532 autoreload 217 D:\pythonProject\LeetCode\Git\Web_Project\myweb\myapp\views.py changed, reloading.
INFO 2022-05-03 21:11:52,529 autoreload 597 Watching for file changes with StatReloader
